[ 2016-12-12T10:54:06+08:00 ] 127.0.0.1 /lebang18/admin.php
INFO: [ app_init ] --START--
INFO: Run Behavior\BuildLiteBehavior [ RunTime:0.000000s ]
INFO: [ app_init ] --END-- [ RunTime:0.002000s ]

[ 2016-12-12T10:54:10+08:00 ] 127.0.0.1 /lebang18/admin.php/Login/login.html
INFO: [ app_init ] --START--
INFO: Run Behavior\BuildLiteBehavior [ RunTime:0.000000s ]
INFO: [ app_init ] --END-- [ RunTime:0.000000s ]

[ 2016-12-12T10:54:33+08:00 ] 127.0.0.1 /lebang18/admin.php/Login/login.html
INFO: [ app_init ] --START--
INFO: Run Behavior\BuildLiteBehavior [ RunTime:0.000000s ]
INFO: [ app_init ] --END-- [ RunTime:0.000000s ]

[ 2016-12-12T10:54:33+08:00 ] 127.0.0.1 /lebang18/admin.php/
INFO: [ app_init ] --START--
INFO: Run Behavior\BuildLiteBehavior [ RunTime:0.000000s ]
INFO: [ app_init ] --END-- [ RunTime:0.000000s ]

[ 2016-12-12T10:54:47+08:00 ] 127.0.0.1 /lebang18/admin.php/%E6%A8%A1%E5%9D%97/%E6%8E%A7%E5%88%B6%E5%99%A8/ueditor.html?action=config&&noCache=1481511287700
INFO: [ app_init ] --START--
INFO: Run Behavior\BuildLiteBehavior [ RunTime:0.000000s ]
INFO: [ app_init ] --END-- [ RunTime:0.001000s ]
ERR: 无法加载控制器:模块

[ 2016-12-12T10:55:05+08:00 ] 127.0.0.1 /lebang18/admin.php/Order/list.html
INFO: [ app_init ] --START--
INFO: Run Behavior\BuildLiteBehavior [ RunTime:0.000000s ]
INFO: [ app_init ] --END-- [ RunTime:0.001000s ]

[ 2016-12-12T10:55:06+08:00 ] 127.0.0.1 /lebang18/admin.php/%E6%A8%A1%E5%9D%97/%E6%8E%A7%E5%88%B6%E5%99%A8/ueditor.html?action=config&&noCache=1481511306384
INFO: [ app_init ] --START--
INFO: Run Behavior\BuildLiteBehavior [ RunTime:0.000000s ]
INFO: [ app_init ] --END-- [ RunTime:0.001000s ]
ERR: 无法加载控制器:模块

[ 2016-12-12T10:55:09+08:00 ] 127.0.0.1 /lebang18/admin.php/Order/edit/order_id/4157.html
INFO: [ app_init ] --START--
INFO: Run Behavior\BuildLiteBehavior [ RunTime:0.000000s ]
INFO: [ app_init ] --END-- [ RunTime:0.000000s ]

[ 2016-12-12T10:55:10+08:00 ] 127.0.0.1 /lebang18/admin.php/%E6%A8%A1%E5%9D%97/%E6%8E%A7%E5%88%B6%E5%99%A8/ueditor.html?action=config&&noCache=1481511310672
INFO: [ app_init ] --START--
INFO: Run Behavior\BuildLiteBehavior [ RunTime:0.000000s ]
INFO: [ app_init ] --END-- [ RunTime:0.000000s ]
ERR: 无法加载控制器:模块

