[ 2016-10-08T10:17:39+08:00 ] ::1 /lebang9-30/admin.php/User/list.html
INFO: [ app_init ] --START--
INFO: Run Behavior\BuildLiteBehavior [ RunTime:0.000000s ]
INFO: [ app_init ] --END-- [ RunTime:0.017001s ]

[ 2016-10-08T10:17:43+08:00 ] ::1 /lebang9-30/admin.php/Login/login.html
INFO: [ app_init ] --START--
INFO: Run Behavior\BuildLiteBehavior [ RunTime:0.000000s ]
INFO: [ app_init ] --END-- [ RunTime:0.001000s ]

[ 2016-10-08T10:17:57+08:00 ] ::1 /lebang9-30/admin.php
INFO: [ app_init ] --START--
INFO: Run Behavior\BuildLiteBehavior [ RunTime:0.000000s ]
INFO: [ app_init ] --END-- [ RunTime:0.001000s ]

[ 2016-10-08T10:18:00+08:00 ] ::1 /lebang9-30/admin.php/Login/login.html
INFO: [ app_init ] --START--
INFO: Run Behavior\BuildLiteBehavior [ RunTime:0.000000s ]
INFO: [ app_init ] --END-- [ RunTime:0.000000s ]

[ 2016-10-08T10:18:17+08:00 ] ::1 /lebang9-30/admin.php/Login/login.html
INFO: [ app_init ] --START--
INFO: Run Behavior\BuildLiteBehavior [ RunTime:0.000000s ]
INFO: [ app_init ] --END-- [ RunTime:0.001000s ]

[ 2016-10-08T10:18:17+08:00 ] ::1 /lebang9-30/admin.php/
INFO: [ app_init ] --START--
INFO: Run Behavior\BuildLiteBehavior [ RunTime:0.000000s ]
INFO: [ app_init ] --END-- [ RunTime:0.001000s ]

[ 2016-10-08T10:18:39+08:00 ] ::1 /lebang9-30/admin.php/%E6%A8%A1%E5%9D%97/%E6%8E%A7%E5%88%B6%E5%99%A8/ueditor.html?action=config&&noCache=1475893119346
INFO: [ app_init ] --START--
INFO: Run Behavior\BuildLiteBehavior [ RunTime:0.001000s ]
INFO: [ app_init ] --END-- [ RunTime:0.001000s ]
ERR: 无法加载控制器:模块

[ 2016-10-08T10:18:49+08:00 ] ::1 /lebang9-30/admin.php/User/list.html
INFO: [ app_init ] --START--
INFO: Run Behavior\BuildLiteBehavior [ RunTime:0.000000s ]
INFO: [ app_init ] --END-- [ RunTime:0.016600s ]

[ 2016-10-08T10:19:10+08:00 ] ::1 /lebang9-30/admin.php/%E6%A8%A1%E5%9D%97/%E6%8E%A7%E5%88%B6%E5%99%A8/ueditor.html?action=config&&noCache=1475893150474
INFO: [ app_init ] --START--
INFO: Run Behavior\BuildLiteBehavior [ RunTime:0.000000s ]
INFO: [ app_init ] --END-- [ RunTime:0.000000s ]
ERR: 无法加载控制器:模块

[ 2016-10-08T10:19:15+08:00 ] ::1 /lebang9-30/admin.php/User/list1.html
INFO: [ app_init ] --START--
INFO: Run Behavior\BuildLiteBehavior [ RunTime:0.000000s ]
INFO: [ app_init ] --END-- [ RunTime:0.000000s ]

[ 2016-10-08T10:19:36+08:00 ] ::1 /lebang9-30/admin.php/%E6%A8%A1%E5%9D%97/%E6%8E%A7%E5%88%B6%E5%99%A8/ueditor.html?action=config&&noCache=1475893176957
INFO: [ app_init ] --START--
INFO: Run Behavior\BuildLiteBehavior [ RunTime:0.000000s ]
INFO: [ app_init ] --END-- [ RunTime:0.000000s ]
ERR: 无法加载控制器:模块

[ 2016-10-08T10:20:08+08:00 ] ::1 /lebang9-30/admin.php/Master/list.html
INFO: [ app_init ] --START--
INFO: Run Behavior\BuildLiteBehavior [ RunTime:0.000000s ]
INFO: [ app_init ] --END-- [ RunTime:0.000000s ]

[ 2016-10-08T10:20:30+08:00 ] ::1 /lebang9-30/admin.php/%E6%A8%A1%E5%9D%97/%E6%8E%A7%E5%88%B6%E5%99%A8/ueditor.html?action=config&&noCache=1475893230312
INFO: [ app_init ] --START--
INFO: Run Behavior\BuildLiteBehavior [ RunTime:0.000000s ]
INFO: [ app_init ] --END-- [ RunTime:0.000000s ]
ERR: 无法加载控制器:模块

[ 2016-10-08T10:22:19+08:00 ] ::1 /lebang9-30/admin.php/Master/list.html
INFO: [ app_init ] --START--
INFO: Run Behavior\BuildLiteBehavior [ RunTime:0.000000s ]
INFO: [ app_init ] --END-- [ RunTime:0.000000s ]

[ 2016-10-08T10:22:41+08:00 ] ::1 /lebang9-30/admin.php/%E6%A8%A1%E5%9D%97/%E6%8E%A7%E5%88%B6%E5%99%A8/ueditor.html?action=config&&noCache=1475893361013
INFO: [ app_init ] --START--
INFO: Run Behavior\BuildLiteBehavior [ RunTime:0.000000s ]
INFO: [ app_init ] --END-- [ RunTime:0.000000s ]
ERR: 无法加载控制器:模块

[ 2016-10-08T10:22:48+08:00 ] ::1 /lebang9-30/admin.php/User/list.html
INFO: [ app_init ] --START--
INFO: Run Behavior\BuildLiteBehavior [ RunTime:0.000000s ]
INFO: [ app_init ] --END-- [ RunTime:0.001000s ]

[ 2016-10-08T10:23:10+08:00 ] ::1 /lebang9-30/admin.php/%E6%A8%A1%E5%9D%97/%E6%8E%A7%E5%88%B6%E5%99%A8/ueditor.html?action=config&&noCache=1475893390033
INFO: [ app_init ] --START--
INFO: Run Behavior\BuildLiteBehavior [ RunTime:0.000000s ]
INFO: [ app_init ] --END-- [ RunTime:0.001000s ]
ERR: 无法加载控制器:模块

[ 2016-10-08T10:41:19+08:00 ] ::1 /lebang9-30/admin.php/User/list.html
INFO: [ app_init ] --START--
INFO: Run Behavior\BuildLiteBehavior [ RunTime:0.000000s ]
INFO: [ app_init ] --END-- [ RunTime:0.001000s ]

[ 2016-10-08T10:41:19+08:00 ] ::1 /lebang9-30/admin.php/%E6%A8%A1%E5%9D%97/%E6%8E%A7%E5%88%B6%E5%99%A8/ueditor.html?action=config&&noCache=1475894479819
INFO: [ app_init ] --START--
INFO: Run Behavior\BuildLiteBehavior [ RunTime:0.000000s ]
INFO: [ app_init ] --END-- [ RunTime:0.001000s ]
ERR: 无法加载控制器:模块

[ 2016-10-08T11:03:22+08:00 ] ::1 /lebang9-30/admin.php/User/list.html
INFO: [ app_init ] --START--
INFO: Run Behavior\BuildLiteBehavior [ RunTime:0.000000s ]
INFO: [ app_init ] --END-- [ RunTime:0.001000s ]

[ 2016-10-08T11:03:23+08:00 ] ::1 /lebang9-30/admin.php/%E6%A8%A1%E5%9D%97/%E6%8E%A7%E5%88%B6%E5%99%A8/ueditor.html?action=config&&noCache=1475895803593
INFO: [ app_init ] --START--
INFO: Run Behavior\BuildLiteBehavior [ RunTime:0.000000s ]
INFO: [ app_init ] --END-- [ RunTime:0.001000s ]
ERR: 无法加载控制器:模块

[ 2016-10-08T11:11:29+08:00 ] ::1 /lebang9-30/admin.php/Master/list.html
INFO: [ app_init ] --START--
INFO: Run Behavior\BuildLiteBehavior [ RunTime:0.000000s ]
INFO: [ app_init ] --END-- [ RunTime:0.001000s ]

[ 2016-10-08T11:11:30+08:00 ] ::1 /lebang9-30/admin.php/%E6%A8%A1%E5%9D%97/%E6%8E%A7%E5%88%B6%E5%99%A8/ueditor.html?action=config&&noCache=1475896290268
INFO: [ app_init ] --START--
INFO: Run Behavior\BuildLiteBehavior [ RunTime:0.000000s ]
INFO: [ app_init ] --END-- [ RunTime:0.001000s ]
ERR: 无法加载控制器:模块

[ 2016-10-08T11:12:27+08:00 ] ::1 /lebang9-30/admin.php/Master/list.html
INFO: [ app_init ] --START--
INFO: Run Behavior\BuildLiteBehavior [ RunTime:0.000000s ]
INFO: [ app_init ] --END-- [ RunTime:0.001000s ]

[ 2016-10-08T11:12:28+08:00 ] ::1 /lebang9-30/admin.php/%E6%A8%A1%E5%9D%97/%E6%8E%A7%E5%88%B6%E5%99%A8/ueditor.html?action=config&&noCache=1475896348208
INFO: [ app_init ] --START--
INFO: Run Behavior\BuildLiteBehavior [ RunTime:0.000000s ]
INFO: [ app_init ] --END-- [ RunTime:0.001000s ]
ERR: 无法加载控制器:模块

[ 2016-10-08T11:12:31+08:00 ] ::1 /lebang9-30/admin.php/Master/list.html
INFO: [ app_init ] --START--
INFO: Run Behavior\BuildLiteBehavior [ RunTime:0.000000s ]
INFO: [ app_init ] --END-- [ RunTime:0.001000s ]

[ 2016-10-08T11:12:32+08:00 ] ::1 /lebang9-30/admin.php/%E6%A8%A1%E5%9D%97/%E6%8E%A7%E5%88%B6%E5%99%A8/ueditor.html?action=config&&noCache=1475896352271
INFO: [ app_init ] --START--
INFO: Run Behavior\BuildLiteBehavior [ RunTime:0.000000s ]
INFO: [ app_init ] --END-- [ RunTime:0.002000s ]
ERR: 无法加载控制器:模块

[ 2016-10-08T11:12:39+08:00 ] ::1 /lebang9-30/admin.php/Tixian/list1.html
INFO: [ app_init ] --START--
INFO: Run Behavior\BuildLiteBehavior [ RunTime:0.000000s ]
INFO: [ app_init ] --END-- [ RunTime:0.001000s ]

[ 2016-10-08T11:12:40+08:00 ] ::1 /lebang9-30/admin.php/%E6%A8%A1%E5%9D%97/%E6%8E%A7%E5%88%B6%E5%99%A8/ueditor.html?action=config&&noCache=1475896360633
INFO: [ app_init ] --START--
INFO: Run Behavior\BuildLiteBehavior [ RunTime:0.000000s ]
INFO: [ app_init ] --END-- [ RunTime:0.001000s ]
ERR: 无法加载控制器:模块

[ 2016-10-08T11:12:53+08:00 ] ::1 /lebang9-30/admin.php/Shequ/list.html
INFO: [ app_init ] --START--
INFO: Run Behavior\BuildLiteBehavior [ RunTime:0.000000s ]
INFO: [ app_init ] --END-- [ RunTime:0.000000s ]

[ 2016-10-08T11:12:53+08:00 ] ::1 /lebang9-30/admin.php/%E6%A8%A1%E5%9D%97/%E6%8E%A7%E5%88%B6%E5%99%A8/ueditor.html?action=config&&noCache=1475896373962
INFO: [ app_init ] --START--
INFO: Run Behavior\BuildLiteBehavior [ RunTime:0.000000s ]
INFO: [ app_init ] --END-- [ RunTime:0.000000s ]
ERR: 无法加载控制器:模块

[ 2016-10-08T11:12:55+08:00 ] ::1 /lebang9-30/admin.php/Shequ/bianji/shequ_id/113.html
INFO: [ app_init ] --START--
INFO: Run Behavior\BuildLiteBehavior [ RunTime:0.000000s ]
INFO: [ app_init ] --END-- [ RunTime:0.001000s ]

[ 2016-10-08T11:12:55+08:00 ] ::1 /lebang9-30/admin.php/%E6%A8%A1%E5%9D%97/%E6%8E%A7%E5%88%B6%E5%99%A8/ueditor.html?action=config&&noCache=1475896375886
INFO: [ app_init ] --START--
INFO: Run Behavior\BuildLiteBehavior [ RunTime:0.000000s ]
INFO: [ app_init ] --END-- [ RunTime:0.001000s ]
ERR: 无法加载控制器:模块

[ 2016-10-08T11:13:01+08:00 ] ::1 /lebang9-30/admin.php/%E6%A8%A1%E5%9D%97/%E6%8E%A7%E5%88%B6%E5%99%A8/ueditor.html?action=config&&noCache=1475896381570
INFO: [ app_init ] --START--
INFO: Run Behavior\BuildLiteBehavior [ RunTime:0.000000s ]
INFO: [ app_init ] --END-- [ RunTime:0.001000s ]
ERR: 无法加载控制器:模块

[ 2016-10-08T11:15:40+08:00 ] ::1 /lebang9-30/admin.php/Xinxianshi/list.html
INFO: [ app_init ] --START--
INFO: Run Behavior\BuildLiteBehavior [ RunTime:0.000000s ]
INFO: [ app_init ] --END-- [ RunTime:0.000000s ]

[ 2016-10-08T11:15:40+08:00 ] ::1 /lebang9-30/admin.php/%E6%A8%A1%E5%9D%97/%E6%8E%A7%E5%88%B6%E5%99%A8/ueditor.html?action=config&&noCache=1475896540880
INFO: [ app_init ] --START--
INFO: Run Behavior\BuildLiteBehavior [ RunTime:0.000000s ]
INFO: [ app_init ] --END-- [ RunTime:0.001000s ]
ERR: 无法加载控制器:模块

[ 2016-10-08T11:15:44+08:00 ] ::1 /lebang9-30/admin.php/Xinxianshi/bianji1/xinxianshi_id/2.html
INFO: [ app_init ] --START--
INFO: Run Behavior\BuildLiteBehavior [ RunTime:0.000000s ]
INFO: [ app_init ] --END-- [ RunTime:0.000000s ]

[ 2016-10-08T11:15:44+08:00 ] ::1 /lebang9-30/admin.php/%E6%A8%A1%E5%9D%97/%E6%8E%A7%E5%88%B6%E5%99%A8/ueditor.html?action=config&&noCache=1475896544703
INFO: [ app_init ] --START--
INFO: Run Behavior\BuildLiteBehavior [ RunTime:0.000000s ]
INFO: [ app_init ] --END-- [ RunTime:0.001000s ]
ERR: 无法加载控制器:模块

[ 2016-10-08T11:15:49+08:00 ] ::1 /lebang9-30/admin.php/%E6%A8%A1%E5%9D%97/%E6%8E%A7%E5%88%B6%E5%99%A8/ueditor.html?action=config&&noCache=1475896549382
INFO: [ app_init ] --START--
INFO: Run Behavior\BuildLiteBehavior [ RunTime:0.000000s ]
INFO: [ app_init ] --END-- [ RunTime:0.001000s ]
ERR: 无法加载控制器:模块

[ 2016-10-08T11:16:00+08:00 ] ::1 /lebang9-30/admin.php/Shequ/list.html
INFO: [ app_init ] --START--
INFO: Run Behavior\BuildLiteBehavior [ RunTime:0.000000s ]
INFO: [ app_init ] --END-- [ RunTime:0.001000s ]

[ 2016-10-08T11:16:01+08:00 ] ::1 /lebang9-30/admin.php/%E6%A8%A1%E5%9D%97/%E6%8E%A7%E5%88%B6%E5%99%A8/ueditor.html?action=config&&noCache=1475896561102
INFO: [ app_init ] --START--
INFO: Run Behavior\BuildLiteBehavior [ RunTime:0.000000s ]
INFO: [ app_init ] --END-- [ RunTime:0.001000s ]
ERR: 无法加载控制器:模块

[ 2016-10-08T11:27:45+08:00 ] ::1 /lebang9-30/admin.php/User/edit/user_id/60.html
INFO: [ app_init ] --START--
INFO: Run Behavior\BuildLiteBehavior [ RunTime:0.000000s ]
INFO: [ app_init ] --END-- [ RunTime:0.001000s ]

[ 2016-10-08T11:27:46+08:00 ] ::1 /lebang9-30/admin.php/%E6%A8%A1%E5%9D%97/%E6%8E%A7%E5%88%B6%E5%99%A8/ueditor.html?action=config&&noCache=1475897266846
INFO: [ app_init ] --START--
INFO: Run Behavior\BuildLiteBehavior [ RunTime:0.000000s ]
INFO: [ app_init ] --END-- [ RunTime:0.001000s ]
ERR: 无法加载控制器:模块

[ 2016-10-08T11:27:54+08:00 ] ::1 /lebang9-30/admin.php/Tixian/list1.html
INFO: [ app_init ] --START--
INFO: Run Behavior\BuildLiteBehavior [ RunTime:0.000000s ]
INFO: [ app_init ] --END-- [ RunTime:0.000000s ]

[ 2016-10-08T11:27:55+08:00 ] ::1 /lebang9-30/admin.php/%E6%A8%A1%E5%9D%97/%E6%8E%A7%E5%88%B6%E5%99%A8/ueditor.html?action=config&&noCache=1475897275389
INFO: [ app_init ] --START--
INFO: Run Behavior\BuildLiteBehavior [ RunTime:0.000000s ]
INFO: [ app_init ] --END-- [ RunTime:0.001000s ]
ERR: 无法加载控制器:模块

[ 2016-10-08T11:28:25+08:00 ] ::1 /lebang9-30/admin.php/Tixian/list.html
INFO: [ app_init ] --START--
INFO: Run Behavior\BuildLiteBehavior [ RunTime:0.000000s ]
INFO: [ app_init ] --END-- [ RunTime:0.001000s ]

[ 2016-10-08T11:28:26+08:00 ] ::1 /lebang9-30/admin.php/%E6%A8%A1%E5%9D%97/%E6%8E%A7%E5%88%B6%E5%99%A8/ueditor.html?action=config&&noCache=1475897306002
INFO: [ app_init ] --START--
INFO: Run Behavior\BuildLiteBehavior [ RunTime:0.000000s ]
INFO: [ app_init ] --END-- [ RunTime:0.001000s ]
ERR: 无法加载控制器:模块

[ 2016-10-08T11:28:32+08:00 ] ::1 /lebang9-30/admin.php/%E6%A8%A1%E5%9D%97/%E6%8E%A7%E5%88%B6%E5%99%A8/ueditor.html?action=config&&noCache=1475897312262
INFO: [ app_init ] --START--
INFO: Run Behavior\BuildLiteBehavior [ RunTime:0.000000s ]
INFO: [ app_init ] --END-- [ RunTime:0.001001s ]
ERR: 无法加载控制器:模块

[ 2016-10-08T11:28:37+08:00 ] ::1 /lebang9-30/admin.php/Master/list.html
INFO: [ app_init ] --START--
INFO: Run Behavior\BuildLiteBehavior [ RunTime:0.000000s ]
INFO: [ app_init ] --END-- [ RunTime:0.001000s ]

[ 2016-10-08T11:28:37+08:00 ] ::1 /lebang9-30/admin.php/%E6%A8%A1%E5%9D%97/%E6%8E%A7%E5%88%B6%E5%99%A8/ueditor.html?action=config&&noCache=1475897317661
INFO: [ app_init ] --START--
INFO: Run Behavior\BuildLiteBehavior [ RunTime:0.000000s ]
INFO: [ app_init ] --END-- [ RunTime:0.001000s ]
ERR: 无法加载控制器:模块

[ 2016-10-08T11:28:39+08:00 ] ::1 /lebang9-30/admin.php/Master/list.html
INFO: [ app_init ] --START--
INFO: Run Behavior\BuildLiteBehavior [ RunTime:0.000000s ]
INFO: [ app_init ] --END-- [ RunTime:0.000000s ]

[ 2016-10-08T11:28:40+08:00 ] ::1 /lebang9-30/admin.php/%E6%A8%A1%E5%9D%97/%E6%8E%A7%E5%88%B6%E5%99%A8/ueditor.html?action=config&&noCache=1475897320358
INFO: [ app_init ] --START--
INFO: Run Behavior\BuildLiteBehavior [ RunTime:0.000000s ]
INFO: [ app_init ] --END-- [ RunTime:0.001001s ]
ERR: 无法加载控制器:模块

[ 2016-10-08T11:29:33+08:00 ] ::1 /lebang9-30/admin.php/Master/list.html
INFO: [ app_init ] --START--
INFO: Run Behavior\BuildLiteBehavior [ RunTime:0.000000s ]
INFO: [ app_init ] --END-- [ RunTime:0.000000s ]

[ 2016-10-08T11:29:33+08:00 ] ::1 /lebang9-30/admin.php/%E6%A8%A1%E5%9D%97/%E6%8E%A7%E5%88%B6%E5%99%A8/ueditor.html?action=config&&noCache=1475897373800
INFO: [ app_init ] --START--
INFO: Run Behavior\BuildLiteBehavior [ RunTime:0.001000s ]
INFO: [ app_init ] --END-- [ RunTime:0.001000s ]
ERR: 无法加载控制器:模块

[ 2016-10-08T11:30:22+08:00 ] ::1 /lebang9-30/admin.php/master/edit/id/1.html
INFO: [ app_init ] --START--
INFO: Run Behavior\BuildLiteBehavior [ RunTime:0.001000s ]
INFO: [ app_init ] --END-- [ RunTime:0.001000s ]

[ 2016-10-08T11:30:23+08:00 ] ::1 /lebang9-30/admin.php/%E6%A8%A1%E5%9D%97/%E6%8E%A7%E5%88%B6%E5%99%A8/ueditor.html?action=config&&noCache=1475897422987
INFO: [ app_init ] --START--
INFO: Run Behavior\BuildLiteBehavior [ RunTime:0.000000s ]
INFO: [ app_init ] --END-- [ RunTime:0.001001s ]
ERR: 无法加载控制器:模块

[ 2016-10-08T11:30:26+08:00 ] ::1 /lebang9-30/admin.php/%E6%A8%A1%E5%9D%97/%E6%8E%A7%E5%88%B6%E5%99%A8/ueditor.html?action=config&&noCache=1475897426078
INFO: [ app_init ] --START--
INFO: Run Behavior\BuildLiteBehavior [ RunTime:0.000000s ]
INFO: [ app_init ] --END-- [ RunTime:0.001000s ]
ERR: 无法加载控制器:模块

[ 2016-10-08T11:31:19+08:00 ] ::1 /lebang9-30/admin.php/Tixian/list1.html
INFO: [ app_init ] --START--
INFO: Run Behavior\BuildLiteBehavior [ RunTime:0.000000s ]
INFO: [ app_init ] --END-- [ RunTime:0.000000s ]

[ 2016-10-08T11:31:20+08:00 ] ::1 /lebang9-30/admin.php/%E6%A8%A1%E5%9D%97/%E6%8E%A7%E5%88%B6%E5%99%A8/ueditor.html?action=config&&noCache=1475897479971
INFO: [ app_init ] --START--
INFO: Run Behavior\BuildLiteBehavior [ RunTime:0.000000s ]
INFO: [ app_init ] --END-- [ RunTime:0.001000s ]
ERR: 无法加载控制器:模块

[ 2016-10-08T11:31:38+08:00 ] ::1 /lebang9-30/admin.php/Tixian/bianji.html?tixian_id=11&beizhu=buming&status=2
INFO: [ app_init ] --START--
INFO: Run Behavior\BuildLiteBehavior [ RunTime:0.000000s ]
INFO: [ app_init ] --END-- [ RunTime:0.001000s ]

[ 2016-10-08T11:31:38+08:00 ] ::1 /lebang9-30/admin.php/Tixian/list.html
INFO: [ app_init ] --START--
INFO: Run Behavior\BuildLiteBehavior [ RunTime:0.000000s ]
INFO: [ app_init ] --END-- [ RunTime:0.001001s ]

[ 2016-10-08T11:31:39+08:00 ] ::1 /lebang9-30/admin.php/%E6%A8%A1%E5%9D%97/%E6%8E%A7%E5%88%B6%E5%99%A8/ueditor.html?action=config&&noCache=1475897499457
INFO: [ app_init ] --START--
INFO: Run Behavior\BuildLiteBehavior [ RunTime:0.000000s ]
INFO: [ app_init ] --END-- [ RunTime:0.001000s ]
ERR: 无法加载控制器:模块

[ 2016-10-08T11:31:45+08:00 ] ::1 /lebang9-30/admin.php/Tixian/list1.html
INFO: [ app_init ] --START--
INFO: Run Behavior\BuildLiteBehavior [ RunTime:0.000000s ]
INFO: [ app_init ] --END-- [ RunTime:0.001000s ]

[ 2016-10-08T11:31:45+08:00 ] ::1 /lebang9-30/admin.php/%E6%A8%A1%E5%9D%97/%E6%8E%A7%E5%88%B6%E5%99%A8/ueditor.html?action=config&&noCache=1475897505748
INFO: [ app_init ] --START--
INFO: Run Behavior\BuildLiteBehavior [ RunTime:0.000000s ]
INFO: [ app_init ] --END-- [ RunTime:0.000000s ]
ERR: 无法加载控制器:模块

[ 2016-10-08T11:42:03+08:00 ] ::1 /lebang9-30/admin.php/Shequ/list.html
INFO: [ app_init ] --START--
INFO: Run Behavior\BuildLiteBehavior [ RunTime:0.000000s ]
INFO: [ app_init ] --END-- [ RunTime:0.000000s ]

[ 2016-10-08T11:42:04+08:00 ] ::1 /lebang9-30/admin.php/%E6%A8%A1%E5%9D%97/%E6%8E%A7%E5%88%B6%E5%99%A8/ueditor.html?action=config&&noCache=1475898124525
INFO: [ app_init ] --START--
INFO: Run Behavior\BuildLiteBehavior [ RunTime:0.000000s ]
INFO: [ app_init ] --END-- [ RunTime:0.001000s ]
ERR: 无法加载控制器:模块

[ 2016-10-08T11:42:05+08:00 ] ::1 /lebang9-30/admin.php/Shequ/add.html
INFO: [ app_init ] --START--
INFO: Run Behavior\BuildLiteBehavior [ RunTime:0.000000s ]
INFO: [ app_init ] --END-- [ RunTime:0.000000s ]

[ 2016-10-08T11:42:06+08:00 ] ::1 /lebang9-30/admin.php/%E6%A8%A1%E5%9D%97/%E6%8E%A7%E5%88%B6%E5%99%A8/ueditor.html?action=config&&noCache=1475898126732
INFO: [ app_init ] --START--
INFO: Run Behavior\BuildLiteBehavior [ RunTime:0.001000s ]
INFO: [ app_init ] --END-- [ RunTime:0.001000s ]
ERR: 无法加载控制器:模块

[ 2016-10-08T12:14:54+08:00 ] ::1 /lebang9-30/admin.php/Shequ/add.html
INFO: [ app_init ] --START--
INFO: Run Behavior\BuildLiteBehavior [ RunTime:0.000000s ]
INFO: [ app_init ] --END-- [ RunTime:0.001000s ]

[ 2016-10-08T12:14:55+08:00 ] ::1 /lebang9-30/admin.php/%E6%A8%A1%E5%9D%97/%E6%8E%A7%E5%88%B6%E5%99%A8/ueditor.html?action=config&&noCache=1475900095746
INFO: [ app_init ] --START--
INFO: Run Behavior\BuildLiteBehavior [ RunTime:0.000000s ]
INFO: [ app_init ] --END-- [ RunTime:0.001000s ]
ERR: 无法加载控制器:模块

[ 2016-10-08T12:16:17+08:00 ] ::1 /lebang9-30/admin.php/Shequ/add.html
INFO: [ app_init ] --START--
INFO: Run Behavior\BuildLiteBehavior [ RunTime:0.000000s ]
INFO: [ app_init ] --END-- [ RunTime:0.000000s ]

[ 2016-10-08T12:16:19+08:00 ] ::1 /lebang9-30/admin.php/Shequ/list.html
INFO: [ app_init ] --START--
INFO: Run Behavior\BuildLiteBehavior [ RunTime:0.000000s ]
INFO: [ app_init ] --END-- [ RunTime:0.000000s ]

[ 2016-10-08T12:16:20+08:00 ] ::1 /lebang9-30/admin.php/%E6%A8%A1%E5%9D%97/%E6%8E%A7%E5%88%B6%E5%99%A8/ueditor.html?action=config&&noCache=1475900180455
INFO: [ app_init ] --START--
INFO: Run Behavior\BuildLiteBehavior [ RunTime:0.000000s ]
INFO: [ app_init ] --END-- [ RunTime:0.001000s ]
ERR: 无法加载控制器:模块

[ 2016-10-08T13:52:06+08:00 ] ::1 /lebang9-30/admin.php/Shequ/list.html
INFO: [ app_init ] --START--
INFO: Run Behavior\BuildLiteBehavior [ RunTime:0.000000s ]
INFO: [ app_init ] --END-- [ RunTime:0.001000s ]

[ 2016-10-08T13:52:07+08:00 ] ::1 /lebang9-30/admin.php/%E6%A8%A1%E5%9D%97/%E6%8E%A7%E5%88%B6%E5%99%A8/ueditor.html?action=config&&noCache=1475905927285
INFO: [ app_init ] --START--
INFO: Run Behavior\BuildLiteBehavior [ RunTime:0.000000s ]
INFO: [ app_init ] --END-- [ RunTime:0.000000s ]
ERR: 无法加载控制器:模块

[ 2016-10-08T13:52:29+08:00 ] ::1 /lebang9-30/admin.php/Shequ/list.html
INFO: [ app_init ] --START--
INFO: Run Behavior\BuildLiteBehavior [ RunTime:0.000000s ]
INFO: [ app_init ] --END-- [ RunTime:0.001000s ]

[ 2016-10-08T13:52:29+08:00 ] ::1 /lebang9-30/admin.php/%E6%A8%A1%E5%9D%97/%E6%8E%A7%E5%88%B6%E5%99%A8/ueditor.html?action=config&&noCache=1475905949883
INFO: [ app_init ] --START--
INFO: Run Behavior\BuildLiteBehavior [ RunTime:0.000000s ]
INFO: [ app_init ] --END-- [ RunTime:0.001000s ]
ERR: 无法加载控制器:模块

[ 2016-10-08T13:52:31+08:00 ] ::1 /lebang9-30/admin.php/Shequ/list.html
INFO: [ app_init ] --START--
INFO: Run Behavior\BuildLiteBehavior [ RunTime:0.000000s ]
INFO: [ app_init ] --END-- [ RunTime:0.000000s ]

[ 2016-10-08T13:52:32+08:00 ] ::1 /lebang9-30/admin.php/%E6%A8%A1%E5%9D%97/%E6%8E%A7%E5%88%B6%E5%99%A8/ueditor.html?action=config&&noCache=1475905952163
INFO: [ app_init ] --START--
INFO: Run Behavior\BuildLiteBehavior [ RunTime:0.000000s ]
INFO: [ app_init ] --END-- [ RunTime:0.000000s ]
ERR: 无法加载控制器:模块

[ 2016-10-08T13:52:58+08:00 ] ::1 /lebang9-30/admin.php/Shequ/add.html
INFO: [ app_init ] --START--
INFO: Run Behavior\BuildLiteBehavior [ RunTime:0.000000s ]
INFO: [ app_init ] --END-- [ RunTime:0.000000s ]

[ 2016-10-08T13:52:59+08:00 ] ::1 /lebang9-30/admin.php/%E6%A8%A1%E5%9D%97/%E6%8E%A7%E5%88%B6%E5%99%A8/ueditor.html?action=config&&noCache=1475905979441
INFO: [ app_init ] --START--
INFO: Run Behavior\BuildLiteBehavior [ RunTime:0.000000s ]
INFO: [ app_init ] --END-- [ RunTime:0.000000s ]
ERR: 无法加载控制器:模块

[ 2016-10-08T13:53:43+08:00 ] ::1 /lebang9-30/admin.php/Shequ/add.html
INFO: [ app_init ] --START--
INFO: Run Behavior\BuildLiteBehavior [ RunTime:0.000000s ]
INFO: [ app_init ] --END-- [ RunTime:0.001000s ]

[ 2016-10-08T13:53:45+08:00 ] ::1 /lebang9-30/admin.php/Shequ/list.html
INFO: [ app_init ] --START--
INFO: Run Behavior\BuildLiteBehavior [ RunTime:0.000000s ]
INFO: [ app_init ] --END-- [ RunTime:0.000000s ]

[ 2016-10-08T13:53:46+08:00 ] ::1 /lebang9-30/admin.php/%E6%A8%A1%E5%9D%97/%E6%8E%A7%E5%88%B6%E5%99%A8/ueditor.html?action=config&&noCache=1475906026406
INFO: [ app_init ] --START--
INFO: Run Behavior\BuildLiteBehavior [ RunTime:0.000000s ]
INFO: [ app_init ] --END-- [ RunTime:0.001000s ]
ERR: 无法加载控制器:模块

[ 2016-10-08T13:54:26+08:00 ] ::1 /lebang9-30/admin.php/Shequ/bianji/shequ_id/3.html
INFO: [ app_init ] --START--
INFO: Run Behavior\BuildLiteBehavior [ RunTime:0.000000s ]
INFO: [ app_init ] --END-- [ RunTime:0.000000s ]

[ 2016-10-08T13:54:27+08:00 ] ::1 /lebang9-30/admin.php/%E6%A8%A1%E5%9D%97/%E6%8E%A7%E5%88%B6%E5%99%A8/ueditor.html?action=config&&noCache=1475906067828
INFO: [ app_init ] --START--
INFO: Run Behavior\BuildLiteBehavior [ RunTime:0.000000s ]
INFO: [ app_init ] --END-- [ RunTime:0.000000s ]
ERR: 无法加载控制器:模块

[ 2016-10-08T13:54:39+08:00 ] ::1 /lebang9-30/admin.php/%E6%A8%A1%E5%9D%97/%E6%8E%A7%E5%88%B6%E5%99%A8/ueditor.html?action=config&&noCache=1475906079437
INFO: [ app_init ] --START--
INFO: Run Behavior\BuildLiteBehavior [ RunTime:0.000000s ]
INFO: [ app_init ] --END-- [ RunTime:0.000000s ]
ERR: 无法加载控制器:模块

[ 2016-10-08T14:16:29+08:00 ] ::1 /lebang9-30/admin.php/Shequ/list.html
INFO: [ app_init ] --START--
INFO: Run Behavior\BuildLiteBehavior [ RunTime:0.000000s ]
INFO: [ app_init ] --END-- [ RunTime:0.000000s ]

[ 2016-10-08T14:16:30+08:00 ] ::1 /lebang9-30/admin.php/%E6%A8%A1%E5%9D%97/%E6%8E%A7%E5%88%B6%E5%99%A8/ueditor.html?action=config&&noCache=1475907390719
INFO: [ app_init ] --START--
INFO: Run Behavior\BuildLiteBehavior [ RunTime:0.000000s ]
INFO: [ app_init ] --END-- [ RunTime:0.001000s ]
ERR: 无法加载控制器:模块

[ 2016-10-08T14:16:32+08:00 ] ::1 /lebang9-30/admin.php/Shequ/add.html
INFO: [ app_init ] --START--
INFO: Run Behavior\BuildLiteBehavior [ RunTime:0.000000s ]
INFO: [ app_init ] --END-- [ RunTime:0.000000s ]

[ 2016-10-08T14:16:33+08:00 ] ::1 /lebang9-30/admin.php/%E6%A8%A1%E5%9D%97/%E6%8E%A7%E5%88%B6%E5%99%A8/ueditor.html?action=config&&noCache=1475907393387
INFO: [ app_init ] --START--
INFO: Run Behavior\BuildLiteBehavior [ RunTime:0.000000s ]
INFO: [ app_init ] --END-- [ RunTime:0.001000s ]
ERR: 无法加载控制器:模块

[ 2016-10-08T14:16:54+08:00 ] ::1 /lebang9-30/admin.php/Shequ/add.html
INFO: [ app_init ] --START--
INFO: Run Behavior\BuildLiteBehavior [ RunTime:0.000000s ]
INFO: [ app_init ] --END-- [ RunTime:0.001000s ]

[ 2016-10-08T14:16:57+08:00 ] ::1 /lebang9-30/admin.php/Shequ/list.html
INFO: [ app_init ] --START--
INFO: Run Behavior\BuildLiteBehavior [ RunTime:0.000000s ]
INFO: [ app_init ] --END-- [ RunTime:0.001000s ]

[ 2016-10-08T14:16:57+08:00 ] ::1 /lebang9-30/admin.php/%E6%A8%A1%E5%9D%97/%E6%8E%A7%E5%88%B6%E5%99%A8/ueditor.html?action=config&&noCache=1475907417825
INFO: [ app_init ] --START--
INFO: Run Behavior\BuildLiteBehavior [ RunTime:0.000000s ]
INFO: [ app_init ] --END-- [ RunTime:0.001000s ]
ERR: 无法加载控制器:模块

[ 2016-10-08T14:17:51+08:00 ] ::1 /lebang9-30/admin.php/Shequ/list.html
INFO: [ app_init ] --START--
INFO: Run Behavior\BuildLiteBehavior [ RunTime:0.000000s ]
INFO: [ app_init ] --END-- [ RunTime:0.001000s ]

[ 2016-10-08T14:17:52+08:00 ] ::1 /lebang9-30/admin.php/%E6%A8%A1%E5%9D%97/%E6%8E%A7%E5%88%B6%E5%99%A8/ueditor.html?action=config&&noCache=1475907472483
INFO: [ app_init ] --START--
INFO: Run Behavior\BuildLiteBehavior [ RunTime:0.000000s ]
INFO: [ app_init ] --END-- [ RunTime:0.001000s ]
ERR: 无法加载控制器:模块

[ 2016-10-08T14:17:53+08:00 ] ::1 /lebang9-30/admin.php/Shequ/add.html
INFO: [ app_init ] --START--
INFO: Run Behavior\BuildLiteBehavior [ RunTime:0.000000s ]
INFO: [ app_init ] --END-- [ RunTime:0.001000s ]

[ 2016-10-08T14:17:54+08:00 ] ::1 /lebang9-30/admin.php/%E6%A8%A1%E5%9D%97/%E6%8E%A7%E5%88%B6%E5%99%A8/ueditor.html?action=config&&noCache=1475907474647
INFO: [ app_init ] --START--
INFO: Run Behavior\BuildLiteBehavior [ RunTime:0.000000s ]
INFO: [ app_init ] --END-- [ RunTime:0.000000s ]
ERR: 无法加载控制器:模块

[ 2016-10-08T14:18:01+08:00 ] ::1 /lebang9-30/admin.php/Shequ/add.html
INFO: [ app_init ] --START--
INFO: Run Behavior\BuildLiteBehavior [ RunTime:0.000000s ]
INFO: [ app_init ] --END-- [ RunTime:0.000000s ]

[ 2016-10-08T14:18:04+08:00 ] ::1 /lebang9-30/admin.php/Shequ/list.html
INFO: [ app_init ] --START--
INFO: Run Behavior\BuildLiteBehavior [ RunTime:0.000000s ]
INFO: [ app_init ] --END-- [ RunTime:0.000000s ]

[ 2016-10-08T14:18:04+08:00 ] ::1 /lebang9-30/admin.php/%E6%A8%A1%E5%9D%97/%E6%8E%A7%E5%88%B6%E5%99%A8/ueditor.html?action=config&&noCache=1475907484545
INFO: [ app_init ] --START--
INFO: Run Behavior\BuildLiteBehavior [ RunTime:0.000000s ]
INFO: [ app_init ] --END-- [ RunTime:0.000000s ]
ERR: 无法加载控制器:模块

[ 2016-10-08T14:21:56+08:00 ] ::1 /lebang9-30/admin.php/Shequ/list.html
INFO: [ app_init ] --START--
INFO: Run Behavior\BuildLiteBehavior [ RunTime:0.000000s ]
INFO: [ app_init ] --END-- [ RunTime:0.001000s ]

[ 2016-10-08T14:21:57+08:00 ] ::1 /lebang9-30/admin.php/%E6%A8%A1%E5%9D%97/%E6%8E%A7%E5%88%B6%E5%99%A8/ueditor.html?action=config&&noCache=1475907717689
INFO: [ app_init ] --START--
INFO: Run Behavior\BuildLiteBehavior [ RunTime:0.000000s ]
INFO: [ app_init ] --END-- [ RunTime:0.000000s ]
ERR: 无法加载控制器:模块

[ 2016-10-08T14:21:59+08:00 ] ::1 /lebang9-30/admin.php/Shequ/list.html
INFO: [ app_init ] --START--
INFO: Run Behavior\BuildLiteBehavior [ RunTime:0.000000s ]
INFO: [ app_init ] --END-- [ RunTime:0.001001s ]

[ 2016-10-08T14:22:00+08:00 ] ::1 /lebang9-30/admin.php/%E6%A8%A1%E5%9D%97/%E6%8E%A7%E5%88%B6%E5%99%A8/ueditor.html?action=config&&noCache=1475907720349
INFO: [ app_init ] --START--
INFO: Run Behavior\BuildLiteBehavior [ RunTime:0.000000s ]
INFO: [ app_init ] --END-- [ RunTime:0.001000s ]
ERR: 无法加载控制器:模块

[ 2016-10-08T14:22:13+08:00 ] ::1 /lebang9-30/admin.php/Shequ/list.html
INFO: [ app_init ] --START--
INFO: Run Behavior\BuildLiteBehavior [ RunTime:0.000000s ]
INFO: [ app_init ] --END-- [ RunTime:0.001000s ]

[ 2016-10-08T14:22:14+08:00 ] ::1 /lebang9-30/admin.php/%E6%A8%A1%E5%9D%97/%E6%8E%A7%E5%88%B6%E5%99%A8/ueditor.html?action=config&&noCache=1475907734209
INFO: [ app_init ] --START--
INFO: Run Behavior\BuildLiteBehavior [ RunTime:0.000000s ]
INFO: [ app_init ] --END-- [ RunTime:0.001000s ]
ERR: 无法加载控制器:模块

[ 2016-10-08T14:22:20+08:00 ] ::1 /lebang9-30/admin.php/Shequ/add.html
INFO: [ app_init ] --START--
INFO: Run Behavior\BuildLiteBehavior [ RunTime:0.000000s ]
INFO: [ app_init ] --END-- [ RunTime:0.001000s ]

[ 2016-10-08T14:22:21+08:00 ] ::1 /lebang9-30/admin.php/%E6%A8%A1%E5%9D%97/%E6%8E%A7%E5%88%B6%E5%99%A8/ueditor.html?action=config&&noCache=1475907741529
INFO: [ app_init ] --START--
INFO: Run Behavior\BuildLiteBehavior [ RunTime:0.000000s ]
INFO: [ app_init ] --END-- [ RunTime:0.001000s ]
ERR: 无法加载控制器:模块

[ 2016-10-08T14:22:32+08:00 ] ::1 /lebang9-30/admin.php/Shequ/add.html
INFO: [ app_init ] --START--
INFO: Run Behavior\BuildLiteBehavior [ RunTime:0.000000s ]
INFO: [ app_init ] --END-- [ RunTime:0.001000s ]

[ 2016-10-08T14:22:34+08:00 ] ::1 /lebang9-30/admin.php/Shequ/list.html
INFO: [ app_init ] --START--
INFO: Run Behavior\BuildLiteBehavior [ RunTime:0.000000s ]
INFO: [ app_init ] --END-- [ RunTime:0.001000s ]

[ 2016-10-08T14:22:35+08:00 ] ::1 /lebang9-30/admin.php/%E6%A8%A1%E5%9D%97/%E6%8E%A7%E5%88%B6%E5%99%A8/ueditor.html?action=config&&noCache=1475907755412
INFO: [ app_init ] --START--
INFO: Run Behavior\BuildLiteBehavior [ RunTime:0.000000s ]
INFO: [ app_init ] --END-- [ RunTime:0.001000s ]
ERR: 无法加载控制器:模块

[ 2016-10-08T14:37:01+08:00 ] ::1 /lebang9-30/admin.php/Shequ/list.html
INFO: [ app_init ] --START--
INFO: Run Behavior\BuildLiteBehavior [ RunTime:0.000000s ]
INFO: [ app_init ] --END-- [ RunTime:0.001000s ]

[ 2016-10-08T14:37:02+08:00 ] ::1 /lebang9-30/admin.php/%E6%A8%A1%E5%9D%97/%E6%8E%A7%E5%88%B6%E5%99%A8/ueditor.html?action=config&&noCache=1475908622070
INFO: [ app_init ] --START--
INFO: Run Behavior\BuildLiteBehavior [ RunTime:0.000000s ]
INFO: [ app_init ] --END-- [ RunTime:0.001000s ]
ERR: 无法加载控制器:模块

[ 2016-10-08T14:37:03+08:00 ] ::1 /lebang9-30/admin.php/Shequ/add.html
INFO: [ app_init ] --START--
INFO: Run Behavior\BuildLiteBehavior [ RunTime:0.000000s ]
INFO: [ app_init ] --END-- [ RunTime:0.000000s ]

[ 2016-10-08T14:37:04+08:00 ] ::1 /lebang9-30/admin.php/%E6%A8%A1%E5%9D%97/%E6%8E%A7%E5%88%B6%E5%99%A8/ueditor.html?action=config&&noCache=1475908624844
INFO: [ app_init ] --START--
INFO: Run Behavior\BuildLiteBehavior [ RunTime:0.000000s ]
INFO: [ app_init ] --END-- [ RunTime:0.001000s ]
ERR: 无法加载控制器:模块

[ 2016-10-08T14:37:29+08:00 ] ::1 /lebang9-30/admin.php/Shequ/add.html
INFO: [ app_init ] --START--
INFO: Run Behavior\BuildLiteBehavior [ RunTime:0.000000s ]
INFO: [ app_init ] --END-- [ RunTime:0.000000s ]

[ 2016-10-08T14:37:31+08:00 ] ::1 /lebang9-30/admin.php/Shequ/list.html
INFO: [ app_init ] --START--
INFO: Run Behavior\BuildLiteBehavior [ RunTime:0.000000s ]
INFO: [ app_init ] --END-- [ RunTime:0.000000s ]

[ 2016-10-08T14:37:32+08:00 ] ::1 /lebang9-30/admin.php/%E6%A8%A1%E5%9D%97/%E6%8E%A7%E5%88%B6%E5%99%A8/ueditor.html?action=config&&noCache=1475908652445
INFO: [ app_init ] --START--
INFO: Run Behavior\BuildLiteBehavior [ RunTime:0.000000s ]
INFO: [ app_init ] --END-- [ RunTime:0.000000s ]
ERR: 无法加载控制器:模块

[ 2016-10-08T14:41:36+08:00 ] ::1 /lebang9-30/admin.php/Shequ/list.html
INFO: [ app_init ] --START--
INFO: Run Behavior\BuildLiteBehavior [ RunTime:0.000000s ]
INFO: [ app_init ] --END-- [ RunTime:0.001000s ]

[ 2016-10-08T14:41:36+08:00 ] ::1 /lebang9-30/admin.php/%E6%A8%A1%E5%9D%97/%E6%8E%A7%E5%88%B6%E5%99%A8/ueditor.html?action=config&&noCache=1475908896895
INFO: [ app_init ] --START--
INFO: Run Behavior\BuildLiteBehavior [ RunTime:0.000000s ]
INFO: [ app_init ] --END-- [ RunTime:0.001000s ]
ERR: 无法加载控制器:模块

[ 2016-10-08T14:41:38+08:00 ] ::1 /lebang9-30/admin.php/Shequ/add.html
INFO: [ app_init ] --START--
INFO: Run Behavior\BuildLiteBehavior [ RunTime:0.000000s ]
INFO: [ app_init ] --END-- [ RunTime:0.001000s ]

[ 2016-10-08T14:41:39+08:00 ] ::1 /lebang9-30/admin.php/%E6%A8%A1%E5%9D%97/%E6%8E%A7%E5%88%B6%E5%99%A8/ueditor.html?action=config&&noCache=1475908899188
INFO: [ app_init ] --START--
INFO: Run Behavior\BuildLiteBehavior [ RunTime:0.000000s ]
INFO: [ app_init ] --END-- [ RunTime:0.001000s ]
ERR: 无法加载控制器:模块

[ 2016-10-08T14:41:59+08:00 ] ::1 /lebang9-30/admin.php/Shequ/add.html
INFO: [ app_init ] --START--
INFO: Run Behavior\BuildLiteBehavior [ RunTime:0.000000s ]
INFO: [ app_init ] --END-- [ RunTime:0.001000s ]

[ 2016-10-08T14:42:01+08:00 ] ::1 /lebang9-30/admin.php/Shequ/list.html
INFO: [ app_init ] --START--
INFO: Run Behavior\BuildLiteBehavior [ RunTime:0.000000s ]
INFO: [ app_init ] --END-- [ RunTime:0.000000s ]

[ 2016-10-08T14:42:02+08:00 ] ::1 /lebang9-30/admin.php/%E6%A8%A1%E5%9D%97/%E6%8E%A7%E5%88%B6%E5%99%A8/ueditor.html?action=config&&noCache=1475908922071
INFO: [ app_init ] --START--
INFO: Run Behavior\BuildLiteBehavior [ RunTime:0.000000s ]
INFO: [ app_init ] --END-- [ RunTime:0.001000s ]
ERR: 无法加载控制器:模块

[ 2016-10-08T14:47:16+08:00 ] ::1 /lebang9-30/admin.php/Shequ/list.html
INFO: [ app_init ] --START--
INFO: Run Behavior\BuildLiteBehavior [ RunTime:0.000000s ]
INFO: [ app_init ] --END-- [ RunTime:0.000000s ]

[ 2016-10-08T14:47:17+08:00 ] ::1 /lebang9-30/admin.php/%E6%A8%A1%E5%9D%97/%E6%8E%A7%E5%88%B6%E5%99%A8/ueditor.html?action=config&&noCache=1475909237409
INFO: [ app_init ] --START--
INFO: Run Behavior\BuildLiteBehavior [ RunTime:0.000000s ]
INFO: [ app_init ] --END-- [ RunTime:0.001000s ]
ERR: 无法加载控制器:模块

[ 2016-10-08T14:47:19+08:00 ] ::1 /lebang9-30/admin.php/Shequ/add.html
INFO: [ app_init ] --START--
INFO: Run Behavior\BuildLiteBehavior [ RunTime:0.000000s ]
INFO: [ app_init ] --END-- [ RunTime:0.000000s ]

[ 2016-10-08T14:47:20+08:00 ] ::1 /lebang9-30/admin.php/%E6%A8%A1%E5%9D%97/%E6%8E%A7%E5%88%B6%E5%99%A8/ueditor.html?action=config&&noCache=1475909240167
INFO: [ app_init ] --START--
INFO: Run Behavior\BuildLiteBehavior [ RunTime:0.000000s ]
INFO: [ app_init ] --END-- [ RunTime:0.001000s ]
ERR: 无法加载控制器:模块

[ 2016-10-08T14:47:49+08:00 ] ::1 /lebang9-30/admin.php/Shequ/add.html
INFO: [ app_init ] --START--
INFO: Run Behavior\BuildLiteBehavior [ RunTime:0.000000s ]
INFO: [ app_init ] --END-- [ RunTime:0.001000s ]

[ 2016-10-08T14:47:51+08:00 ] ::1 /lebang9-30/admin.php/Shequ/list.html
INFO: [ app_init ] --START--
INFO: Run Behavior\BuildLiteBehavior [ RunTime:0.000000s ]
INFO: [ app_init ] --END-- [ RunTime:0.000000s ]

[ 2016-10-08T14:47:52+08:00 ] ::1 /lebang9-30/admin.php/%E6%A8%A1%E5%9D%97/%E6%8E%A7%E5%88%B6%E5%99%A8/ueditor.html?action=config&&noCache=1475909272101
INFO: [ app_init ] --START--
INFO: Run Behavior\BuildLiteBehavior [ RunTime:0.000000s ]
INFO: [ app_init ] --END-- [ RunTime:0.000000s ]
ERR: 无法加载控制器:模块

[ 2016-10-08T14:51:45+08:00 ] ::1 /lebang9-30/admin.php/Shequ/bianji/shequ_id/3.html
INFO: [ app_init ] --START--
INFO: Run Behavior\BuildLiteBehavior [ RunTime:0.000000s ]
INFO: [ app_init ] --END-- [ RunTime:0.001000s ]

[ 2016-10-08T14:51:46+08:00 ] ::1 /lebang9-30/admin.php/%E6%A8%A1%E5%9D%97/%E6%8E%A7%E5%88%B6%E5%99%A8/ueditor.html?action=config&&noCache=1475909506454
INFO: [ app_init ] --START--
INFO: Run Behavior\BuildLiteBehavior [ RunTime:0.000000s ]
INFO: [ app_init ] --END-- [ RunTime:0.001000s ]
ERR: 无法加载控制器:模块

[ 2016-10-08T14:52:12+08:00 ] ::1 /lebang9-30/admin.php/Shequ/bianji/shequ_id/3.html
INFO: [ app_init ] --START--
INFO: Run Behavior\BuildLiteBehavior [ RunTime:0.000000s ]
INFO: [ app_init ] --END-- [ RunTime:0.000000s ]

[ 2016-10-08T14:52:12+08:00 ] ::1 /lebang9-30/admin.php/Shequ/list.html
INFO: [ app_init ] --START--
INFO: Run Behavior\BuildLiteBehavior [ RunTime:0.000000s ]
INFO: [ app_init ] --END-- [ RunTime:0.001001s ]

[ 2016-10-08T14:52:13+08:00 ] ::1 /lebang9-30/admin.php/%E6%A8%A1%E5%9D%97/%E6%8E%A7%E5%88%B6%E5%99%A8/ueditor.html?action=config&&noCache=1475909533048
INFO: [ app_init ] --START--
INFO: Run Behavior\BuildLiteBehavior [ RunTime:0.001000s ]
INFO: [ app_init ] --END-- [ RunTime:0.001000s ]
ERR: 无法加载控制器:模块

[ 2016-10-08T16:41:51+08:00 ] ::1 /lebang9-30/admin.php/User/edit/user_id/60.html
INFO: [ app_init ] --START--
INFO: Run Behavior\BuildLiteBehavior [ RunTime:0.000000s ]
INFO: [ app_init ] --END-- [ RunTime:0.001000s ]

[ 2016-10-08T16:41:55+08:00 ] ::1 /lebang9-30/admin.php/Login/login.html
INFO: [ app_init ] --START--
INFO: Run Behavior\BuildLiteBehavior [ RunTime:0.000000s ]
INFO: [ app_init ] --END-- [ RunTime:0.001000s ]

[ 2016-10-08T16:42:07+08:00 ] ::1 /lebang9-30/admin.php/Login/login.html
INFO: [ app_init ] --START--
INFO: Run Behavior\BuildLiteBehavior [ RunTime:0.000000s ]
INFO: [ app_init ] --END-- [ RunTime:0.000000s ]

[ 2016-10-08T16:42:07+08:00 ] ::1 /lebang9-30/admin.php/
INFO: [ app_init ] --START--
INFO: Run Behavior\BuildLiteBehavior [ RunTime:0.000000s ]
INFO: [ app_init ] --END-- [ RunTime:0.001000s ]

[ 2016-10-08T16:42:08+08:00 ] ::1 /lebang9-30/admin.php/%E6%A8%A1%E5%9D%97/%E6%8E%A7%E5%88%B6%E5%99%A8/ueditor.html?action=config&&noCache=1475916128610
INFO: [ app_init ] --START--
INFO: Run Behavior\BuildLiteBehavior [ RunTime:0.000000s ]
INFO: [ app_init ] --END-- [ RunTime:0.000000s ]
ERR: 无法加载控制器:模块

[ 2016-10-08T16:42:11+08:00 ] ::1 /lebang9-30/admin.php/Master/list.html
INFO: [ app_init ] --START--
INFO: Run Behavior\BuildLiteBehavior [ RunTime:0.000000s ]
INFO: [ app_init ] --END-- [ RunTime:0.000000s ]

[ 2016-10-08T16:42:12+08:00 ] ::1 /lebang9-30/admin.php/%E6%A8%A1%E5%9D%97/%E6%8E%A7%E5%88%B6%E5%99%A8/ueditor.html?action=config&&noCache=1475916132539
INFO: [ app_init ] --START--
INFO: Run Behavior\BuildLiteBehavior [ RunTime:0.000000s ]
INFO: [ app_init ] --END-- [ RunTime:0.001000s ]
ERR: 无法加载控制器:模块

[ 2016-10-08T16:42:16+08:00 ] ::1 /lebang9-30/admin.php/Tixian/list1.html
INFO: [ app_init ] --START--
INFO: Run Behavior\BuildLiteBehavior [ RunTime:0.000000s ]
INFO: [ app_init ] --END-- [ RunTime:0.001000s ]

[ 2016-10-08T16:42:17+08:00 ] ::1 /lebang9-30/admin.php/%E6%A8%A1%E5%9D%97/%E6%8E%A7%E5%88%B6%E5%99%A8/ueditor.html?action=config&&noCache=1475916137023
INFO: [ app_init ] --START--
INFO: Run Behavior\BuildLiteBehavior [ RunTime:0.000000s ]
INFO: [ app_init ] --END-- [ RunTime:0.001000s ]
ERR: 无法加载控制器:模块

[ 2016-10-08T16:42:21+08:00 ] ::1 /lebang9-30/admin.php/Shequ/list.html
INFO: [ app_init ] --START--
INFO: Run Behavior\BuildLiteBehavior [ RunTime:0.000000s ]
INFO: [ app_init ] --END-- [ RunTime:0.000000s ]

[ 2016-10-08T16:42:21+08:00 ] ::1 /lebang9-30/admin.php/%E6%A8%A1%E5%9D%97/%E6%8E%A7%E5%88%B6%E5%99%A8/ueditor.html?action=config&&noCache=1475916141770
INFO: [ app_init ] --START--
INFO: Run Behavior\BuildLiteBehavior [ RunTime:0.000000s ]
INFO: [ app_init ] --END-- [ RunTime:0.001000s ]
ERR: 无法加载控制器:模块

[ 2016-10-08T16:42:23+08:00 ] ::1 /lebang9-30/admin.php/Shequ/bianji/shequ_id/3.html
INFO: [ app_init ] --START--
INFO: Run Behavior\BuildLiteBehavior [ RunTime:0.000000s ]
INFO: [ app_init ] --END-- [ RunTime:0.001000s ]

[ 2016-10-08T16:42:24+08:00 ] ::1 /lebang9-30/admin.php/%E6%A8%A1%E5%9D%97/%E6%8E%A7%E5%88%B6%E5%99%A8/ueditor.html?action=config&&noCache=1475916144361
INFO: [ app_init ] --START--
INFO: Run Behavior\BuildLiteBehavior [ RunTime:0.000000s ]
INFO: [ app_init ] --END-- [ RunTime:0.001000s ]
ERR: 无法加载控制器:模块

[ 2016-10-08T16:42:26+08:00 ] ::1 /lebang9-30/admin.php/%E6%A8%A1%E5%9D%97/%E6%8E%A7%E5%88%B6%E5%99%A8/ueditor.html?action=config&&noCache=1475916146728
INFO: [ app_init ] --START--
INFO: Run Behavior\BuildLiteBehavior [ RunTime:0.000000s ]
INFO: [ app_init ] --END-- [ RunTime:0.001000s ]
ERR: 无法加载控制器:模块

[ 2016-10-08T16:42:28+08:00 ] ::1 /lebang9-30/admin.php/Shequ/bianji/shequ_id/2.html
INFO: [ app_init ] --START--
INFO: Run Behavior\BuildLiteBehavior [ RunTime:0.000000s ]
INFO: [ app_init ] --END-- [ RunTime:0.000000s ]

[ 2016-10-08T16:42:28+08:00 ] ::1 /lebang9-30/admin.php/%E6%A8%A1%E5%9D%97/%E6%8E%A7%E5%88%B6%E5%99%A8/ueditor.html?action=config&&noCache=1475916148796
INFO: [ app_init ] --START--
INFO: Run Behavior\BuildLiteBehavior [ RunTime:0.000000s ]
INFO: [ app_init ] --END-- [ RunTime:0.001000s ]
ERR: 无法加载控制器:模块

[ 2016-10-08T16:42:33+08:00 ] ::1 /lebang9-30/admin.php/%E6%A8%A1%E5%9D%97/%E6%8E%A7%E5%88%B6%E5%99%A8/ueditor.html?action=config&&noCache=1475916153318
INFO: [ app_init ] --START--
INFO: Run Behavior\BuildLiteBehavior [ RunTime:0.000000s ]
INFO: [ app_init ] --END-- [ RunTime:0.001000s ]
ERR: 无法加载控制器:模块

[ 2016-10-08T16:42:35+08:00 ] ::1 /lebang9-30/admin.php/Shequ/bianji/shequ_id/1.html
INFO: [ app_init ] --START--
INFO: Run Behavior\BuildLiteBehavior [ RunTime:0.000000s ]
INFO: [ app_init ] --END-- [ RunTime:0.001000s ]

[ 2016-10-08T16:42:36+08:00 ] ::1 /lebang9-30/admin.php/%E6%A8%A1%E5%9D%97/%E6%8E%A7%E5%88%B6%E5%99%A8/ueditor.html?action=config&&noCache=1475916156083
INFO: [ app_init ] --START--
INFO: Run Behavior\BuildLiteBehavior [ RunTime:0.000000s ]
INFO: [ app_init ] --END-- [ RunTime:0.001000s ]
ERR: 无法加载控制器:模块

[ 2016-10-08T16:42:43+08:00 ] ::1 /lebang9-30/admin.php/%E6%A8%A1%E5%9D%97/%E6%8E%A7%E5%88%B6%E5%99%A8/ueditor.html?action=config&&noCache=1475916163785
INFO: [ app_init ] --START--
INFO: Run Behavior\BuildLiteBehavior [ RunTime:0.000000s ]
INFO: [ app_init ] --END-- [ RunTime:0.001000s ]
ERR: 无法加载控制器:模块

[ 2016-10-08T16:42:45+08:00 ] ::1 /lebang9-30/admin.php/Shequ/bianji/shequ_id/1.html
INFO: [ app_init ] --START--
INFO: Run Behavior\BuildLiteBehavior [ RunTime:0.000000s ]
INFO: [ app_init ] --END-- [ RunTime:0.001000s ]

[ 2016-10-08T16:42:45+08:00 ] ::1 /lebang9-30/admin.php/%E6%A8%A1%E5%9D%97/%E6%8E%A7%E5%88%B6%E5%99%A8/ueditor.html?action=config&&noCache=1475916165825
INFO: [ app_init ] --START--
INFO: Run Behavior\BuildLiteBehavior [ RunTime:0.000000s ]
INFO: [ app_init ] --END-- [ RunTime:0.001000s ]
ERR: 无法加载控制器:模块

[ 2016-10-08T16:43:02+08:00 ] ::1 /lebang9-30/admin.php/%E6%A8%A1%E5%9D%97/%E6%8E%A7%E5%88%B6%E5%99%A8/ueditor.html?action=config&&noCache=1475916182874
INFO: [ app_init ] --START--
INFO: Run Behavior\BuildLiteBehavior [ RunTime:0.000000s ]
INFO: [ app_init ] --END-- [ RunTime:0.001000s ]
ERR: 无法加载控制器:模块

[ 2016-10-08T16:43:15+08:00 ] ::1 /lebang9-30/admin.php/Shequ/bianji/shequ_id/1.html
INFO: [ app_init ] --START--
INFO: Run Behavior\BuildLiteBehavior [ RunTime:0.000000s ]
INFO: [ app_init ] --END-- [ RunTime:0.001000s ]

[ 2016-10-08T16:43:16+08:00 ] ::1 /lebang9-30/admin.php/%E6%A8%A1%E5%9D%97/%E6%8E%A7%E5%88%B6%E5%99%A8/ueditor.html?action=config&&noCache=1475916196309
INFO: [ app_init ] --START--
INFO: Run Behavior\BuildLiteBehavior [ RunTime:0.000000s ]
INFO: [ app_init ] --END-- [ RunTime:0.001000s ]
ERR: 无法加载控制器:模块

[ 2016-10-08T16:44:25+08:00 ] ::1 /lebang9-30/admin.php/Shequ/bianji/shequ_id/1.html
INFO: [ app_init ] --START--
INFO: Run Behavior\BuildLiteBehavior [ RunTime:0.000000s ]
INFO: [ app_init ] --END-- [ RunTime:0.001000s ]

[ 2016-10-08T16:44:25+08:00 ] ::1 /lebang9-30/admin.php/Shequ/list.html
INFO: [ app_init ] --START--
INFO: Run Behavior\BuildLiteBehavior [ RunTime:0.000000s ]
INFO: [ app_init ] --END-- [ RunTime:0.001000s ]

[ 2016-10-08T16:44:26+08:00 ] ::1 /lebang9-30/admin.php/%E6%A8%A1%E5%9D%97/%E6%8E%A7%E5%88%B6%E5%99%A8/ueditor.html?action=config&&noCache=1475916266135
INFO: [ app_init ] --START--
INFO: Run Behavior\BuildLiteBehavior [ RunTime:0.000000s ]
INFO: [ app_init ] --END-- [ RunTime:0.000000s ]
ERR: 无法加载控制器:模块

[ 2016-10-08T16:45:56+08:00 ] ::1 /lebang9-30/admin.php/User/edit/user_id/60.html
INFO: [ app_init ] --START--
INFO: Run Behavior\BuildLiteBehavior [ RunTime:0.000000s ]
INFO: [ app_init ] --END-- [ RunTime:0.001001s ]

[ 2016-10-08T16:45:57+08:00 ] ::1 /lebang9-30/admin.php/%E6%A8%A1%E5%9D%97/%E6%8E%A7%E5%88%B6%E5%99%A8/ueditor.html?action=config&&noCache=1475916357831
INFO: [ app_init ] --START--
INFO: Run Behavior\BuildLiteBehavior [ RunTime:0.000000s ]
INFO: [ app_init ] --END-- [ RunTime:0.001000s ]
ERR: 无法加载控制器:模块

[ 2016-10-08T16:45:59+08:00 ] ::1 /lebang9-30/admin.php/User/list.html
INFO: [ app_init ] --START--
INFO: Run Behavior\BuildLiteBehavior [ RunTime:0.000000s ]
INFO: [ app_init ] --END-- [ RunTime:0.001000s ]

[ 2016-10-08T16:46:00+08:00 ] ::1 /lebang9-30/admin.php/%E6%A8%A1%E5%9D%97/%E6%8E%A7%E5%88%B6%E5%99%A8/ueditor.html?action=config&&noCache=1475916360383
INFO: [ app_init ] --START--
INFO: Run Behavior\BuildLiteBehavior [ RunTime:0.000000s ]
INFO: [ app_init ] --END-- [ RunTime:0.001000s ]
ERR: 无法加载控制器:模块

[ 2016-10-08T16:46:18+08:00 ] ::1 /lebang9-30/admin.php/User/list.html
INFO: [ app_init ] --START--
INFO: Run Behavior\BuildLiteBehavior [ RunTime:0.000000s ]
INFO: [ app_init ] --END-- [ RunTime:0.001000s ]

[ 2016-10-08T16:46:22+08:00 ] ::1 /lebang9-30/admin.php/Login/login.html
INFO: [ app_init ] --START--
INFO: Run Behavior\BuildLiteBehavior [ RunTime:0.000000s ]
INFO: [ app_init ] --END-- [ RunTime:0.000000s ]

[ 2016-10-08T16:46:33+08:00 ] ::1 /lebang9-30/admin.php/Shequ/list.html
INFO: [ app_init ] --START--
INFO: Run Behavior\BuildLiteBehavior [ RunTime:0.000000s ]
INFO: [ app_init ] --END-- [ RunTime:0.001000s ]

[ 2016-10-08T16:46:34+08:00 ] ::1 /lebang9-30/admin.php/%E6%A8%A1%E5%9D%97/%E6%8E%A7%E5%88%B6%E5%99%A8/ueditor.html?action=config&&noCache=1475916394327
INFO: [ app_init ] --START--
INFO: Run Behavior\BuildLiteBehavior [ RunTime:0.000000s ]
INFO: [ app_init ] --END-- [ RunTime:0.001000s ]
ERR: 无法加载控制器:模块

[ 2016-10-08T16:46:36+08:00 ] ::1 /lebang9-30/admin.php/Shequ/bianji/shequ_id/1.html
INFO: [ app_init ] --START--
INFO: Run Behavior\BuildLiteBehavior [ RunTime:0.000000s ]
INFO: [ app_init ] --END-- [ RunTime:0.000000s ]

[ 2016-10-08T16:46:37+08:00 ] ::1 /lebang9-30/admin.php/%E6%A8%A1%E5%9D%97/%E6%8E%A7%E5%88%B6%E5%99%A8/ueditor.html?action=config&&noCache=1475916397138
INFO: [ app_init ] --START--
INFO: Run Behavior\BuildLiteBehavior [ RunTime:0.000000s ]
INFO: [ app_init ] --END-- [ RunTime:0.001000s ]
ERR: 无法加载控制器:模块

[ 2016-10-08T16:46:39+08:00 ] ::1 /lebang9-30/admin.php/%E6%A8%A1%E5%9D%97/%E6%8E%A7%E5%88%B6%E5%99%A8/ueditor.html?action=config&&noCache=1475916399563
INFO: [ app_init ] --START--
INFO: Run Behavior\BuildLiteBehavior [ RunTime:0.001000s ]
INFO: [ app_init ] --END-- [ RunTime:0.001000s ]
ERR: 无法加载控制器:模块

[ 2016-10-08T16:46:41+08:00 ] ::1 /lebang9-30/admin.php/Shequ/bianji/shequ_id/2.html
INFO: [ app_init ] --START--
INFO: Run Behavior\BuildLiteBehavior [ RunTime:0.000000s ]
INFO: [ app_init ] --END-- [ RunTime:0.001000s ]

[ 2016-10-08T16:46:42+08:00 ] ::1 /lebang9-30/admin.php/%E6%A8%A1%E5%9D%97/%E6%8E%A7%E5%88%B6%E5%99%A8/ueditor.html?action=config&&noCache=1475916402114
INFO: [ app_init ] --START--
INFO: Run Behavior\BuildLiteBehavior [ RunTime:0.000000s ]
INFO: [ app_init ] --END-- [ RunTime:0.001001s ]
ERR: 无法加载控制器:模块

[ 2016-10-08T16:46:45+08:00 ] ::1 /lebang9-30/admin.php/%E6%A8%A1%E5%9D%97/%E6%8E%A7%E5%88%B6%E5%99%A8/ueditor.html?action=config&&noCache=1475916405395
INFO: [ app_init ] --START--
INFO: Run Behavior\BuildLiteBehavior [ RunTime:0.000000s ]
INFO: [ app_init ] --END-- [ RunTime:0.001000s ]
ERR: 无法加载控制器:模块

[ 2016-10-08T16:46:46+08:00 ] ::1 /lebang9-30/admin.php/Shequ/bianji/shequ_id/1.html
INFO: [ app_init ] --START--
INFO: Run Behavior\BuildLiteBehavior [ RunTime:0.000000s ]
INFO: [ app_init ] --END-- [ RunTime:0.001000s ]

[ 2016-10-08T16:46:47+08:00 ] ::1 /lebang9-30/admin.php/%E6%A8%A1%E5%9D%97/%E6%8E%A7%E5%88%B6%E5%99%A8/ueditor.html?action=config&&noCache=1475916407626
INFO: [ app_init ] --START--
INFO: Run Behavior\BuildLiteBehavior [ RunTime:0.000000s ]
INFO: [ app_init ] --END-- [ RunTime:0.001000s ]
ERR: 无法加载控制器:模块

[ 2016-10-08T16:47:21+08:00 ] ::1 /lebang9-30/admin.php/Shequ/bianji/shequ_id/1.html
INFO: [ app_init ] --START--
INFO: Run Behavior\BuildLiteBehavior [ RunTime:0.000000s ]
INFO: [ app_init ] --END-- [ RunTime:0.000000s ]

[ 2016-10-08T16:47:21+08:00 ] ::1 /lebang9-30/admin.php/Shequ/list.html
INFO: [ app_init ] --START--
INFO: Run Behavior\BuildLiteBehavior [ RunTime:0.000000s ]
INFO: [ app_init ] --END-- [ RunTime:0.000000s ]

[ 2016-10-08T16:47:22+08:00 ] ::1 /lebang9-30/admin.php/%E6%A8%A1%E5%9D%97/%E6%8E%A7%E5%88%B6%E5%99%A8/ueditor.html?action=config&&noCache=1475916442439
INFO: [ app_init ] --START--
INFO: Run Behavior\BuildLiteBehavior [ RunTime:0.000000s ]
INFO: [ app_init ] --END-- [ RunTime:0.000000s ]
ERR: 无法加载控制器:模块

[ 2016-10-08T16:47:24+08:00 ] ::1 /lebang9-30/admin.php/Shequ/bianji/shequ_id/1.html
INFO: [ app_init ] --START--
INFO: Run Behavior\BuildLiteBehavior [ RunTime:0.000000s ]
INFO: [ app_init ] --END-- [ RunTime:0.001000s ]

[ 2016-10-08T16:47:25+08:00 ] ::1 /lebang9-30/admin.php/%E6%A8%A1%E5%9D%97/%E6%8E%A7%E5%88%B6%E5%99%A8/ueditor.html?action=config&&noCache=1475916445225
INFO: [ app_init ] --START--
INFO: Run Behavior\BuildLiteBehavior [ RunTime:0.000000s ]
INFO: [ app_init ] --END-- [ RunTime:0.000000s ]
ERR: 无法加载控制器:模块

[ 2016-10-08T16:47:30+08:00 ] ::1 /lebang9-30/admin.php/%E6%A8%A1%E5%9D%97/%E6%8E%A7%E5%88%B6%E5%99%A8/ueditor.html?action=config&&noCache=1475916449997
INFO: [ app_init ] --START--
INFO: Run Behavior\BuildLiteBehavior [ RunTime:0.000000s ]
INFO: [ app_init ] --END-- [ RunTime:0.001000s ]
ERR: 无法加载控制器:模块

[ 2016-10-08T16:59:34+08:00 ] ::1 /lebang9-30/admin.php/%E6%A8%A1%E5%9D%97/%E6%8E%A7%E5%88%B6%E5%99%A8/ueditor.html?action=config&&noCache=1475917174185
INFO: [ app_init ] --START--
INFO: Run Behavior\BuildLiteBehavior [ RunTime:0.000000s ]
INFO: [ app_init ] --END-- [ RunTime:0.001000s ]
ERR: 无法加载控制器:模块

[ 2016-10-08T16:59:38+08:00 ] ::1 /lebang9-30/admin.php/Shequ/started.html
INFO: [ app_init ] --START--
INFO: Run Behavior\BuildLiteBehavior [ RunTime:0.000000s ]
INFO: [ app_init ] --END-- [ RunTime:0.001000s ]

[ 2016-10-08T16:59:38+08:00 ] ::1 /lebang9-30/admin.php/%E6%A8%A1%E5%9D%97/%E6%8E%A7%E5%88%B6%E5%99%A8/ueditor.html?action=config&&noCache=1475917178863
INFO: [ app_init ] --START--
INFO: Run Behavior\BuildLiteBehavior [ RunTime:0.000000s ]
INFO: [ app_init ] --END-- [ RunTime:0.001000s ]
ERR: 无法加载控制器:模块

[ 2016-10-08T17:20:07+08:00 ] ::1 /lebang9-30/admin.php/Shequ/started.html
INFO: [ app_init ] --START--
INFO: Run Behavior\BuildLiteBehavior [ RunTime:0.000000s ]
INFO: [ app_init ] --END-- [ RunTime:0.001000s ]

[ 2016-10-08T17:20:08+08:00 ] ::1 /lebang9-30/admin.php/%E6%A8%A1%E5%9D%97/%E6%8E%A7%E5%88%B6%E5%99%A8/ueditor.html?action=config&&noCache=1475918408741
INFO: [ app_init ] --START--
INFO: Run Behavior\BuildLiteBehavior [ RunTime:0.000000s ]
INFO: [ app_init ] --END-- [ RunTime:0.000000s ]
ERR: 无法加载控制器:模块

[ 2016-10-08T17:20:15+08:00 ] ::1 /lebang9-30/admin.php/Xinxianshi/list.html
INFO: [ app_init ] --START--
INFO: Run Behavior\BuildLiteBehavior [ RunTime:0.000000s ]
INFO: [ app_init ] --END-- [ RunTime:0.001000s ]

[ 2016-10-08T17:20:16+08:00 ] ::1 /lebang9-30/admin.php/%E6%A8%A1%E5%9D%97/%E6%8E%A7%E5%88%B6%E5%99%A8/ueditor.html?action=config&&noCache=1475918416468
INFO: [ app_init ] --START--
INFO: Run Behavior\BuildLiteBehavior [ RunTime:0.001000s ]
INFO: [ app_init ] --END-- [ RunTime:0.001000s ]
ERR: 无法加载控制器:模块

[ 2016-10-08T17:20:19+08:00 ] ::1 /lebang9-30/admin.php/Xinxianshi/list6.html
INFO: [ app_init ] --START--
INFO: Run Behavior\BuildLiteBehavior [ RunTime:0.000000s ]
INFO: [ app_init ] --END-- [ RunTime:0.001000s ]

[ 2016-10-08T17:20:19+08:00 ] ::1 /lebang9-30/admin.php/%E6%A8%A1%E5%9D%97/%E6%8E%A7%E5%88%B6%E5%99%A8/ueditor.html?action=config&&noCache=1475918419817
INFO: [ app_init ] --START--
INFO: Run Behavior\BuildLiteBehavior [ RunTime:0.000000s ]
INFO: [ app_init ] --END-- [ RunTime:0.000000s ]
ERR: 无法加载控制器:模块

[ 2016-10-08T17:20:24+08:00 ] ::1 /lebang9-30/admin.php/Xinxianshi/list7.html
INFO: [ app_init ] --START--
INFO: Run Behavior\BuildLiteBehavior [ RunTime:0.000000s ]
INFO: [ app_init ] --END-- [ RunTime:0.001000s ]

[ 2016-10-08T17:20:25+08:00 ] ::1 /lebang9-30/admin.php/%E6%A8%A1%E5%9D%97/%E6%8E%A7%E5%88%B6%E5%99%A8/ueditor.html?action=config&&noCache=1475918425301
INFO: [ app_init ] --START--
INFO: Run Behavior\BuildLiteBehavior [ RunTime:0.000000s ]
INFO: [ app_init ] --END-- [ RunTime:0.001000s ]
ERR: 无法加载控制器:模块

[ 2016-10-08T17:22:36+08:00 ] ::1 /lebang9-30/admin.php/Tixian/list1.html
INFO: [ app_init ] --START--
INFO: Run Behavior\BuildLiteBehavior [ RunTime:0.000000s ]
INFO: [ app_init ] --END-- [ RunTime:0.001000s ]

[ 2016-10-08T17:22:36+08:00 ] ::1 /lebang9-30/admin.php/%E6%A8%A1%E5%9D%97/%E6%8E%A7%E5%88%B6%E5%99%A8/ueditor.html?action=config&&noCache=1475918556864
INFO: [ app_init ] --START--
INFO: Run Behavior\BuildLiteBehavior [ RunTime:0.000000s ]
INFO: [ app_init ] --END-- [ RunTime:0.001000s ]
ERR: 无法加载控制器:模块

[ 2016-10-08T17:25:33+08:00 ] ::1 /lebang9-30/admin.php/Tixian/list1.html
INFO: [ app_init ] --START--
INFO: Run Behavior\BuildLiteBehavior [ RunTime:0.000000s ]
INFO: [ app_init ] --END-- [ RunTime:0.001000s ]

[ 2016-10-08T17:25:34+08:00 ] ::1 /lebang9-30/admin.php/%E6%A8%A1%E5%9D%97/%E6%8E%A7%E5%88%B6%E5%99%A8/ueditor.html?action=config&&noCache=1475918734317
INFO: [ app_init ] --START--
INFO: Run Behavior\BuildLiteBehavior [ RunTime:0.000000s ]
INFO: [ app_init ] --END-- [ RunTime:0.000000s ]
ERR: 无法加载控制器:模块

[ 2016-10-08T17:25:35+08:00 ] ::1 /lebang9-30/admin.php/Xinxianshi/list6.html
INFO: [ app_init ] --START--
INFO: Run Behavior\BuildLiteBehavior [ RunTime:0.000000s ]
INFO: [ app_init ] --END-- [ RunTime:0.001000s ]

[ 2016-10-08T17:25:36+08:00 ] ::1 /lebang9-30/admin.php/%E6%A8%A1%E5%9D%97/%E6%8E%A7%E5%88%B6%E5%99%A8/ueditor.html?action=config&&noCache=1475918736312
INFO: [ app_init ] --START--
INFO: Run Behavior\BuildLiteBehavior [ RunTime:0.000000s ]
INFO: [ app_init ] --END-- [ RunTime:0.001000s ]
ERR: 无法加载控制器:模块

[ 2016-10-08T17:28:08+08:00 ] ::1 /lebang9-30/admin.php/Xinxianshi/list.html
INFO: [ app_init ] --START--
INFO: Run Behavior\BuildLiteBehavior [ RunTime:0.000000s ]
INFO: [ app_init ] --END-- [ RunTime:0.001000s ]

[ 2016-10-08T17:28:09+08:00 ] ::1 /lebang9-30/admin.php/%E6%A8%A1%E5%9D%97/%E6%8E%A7%E5%88%B6%E5%99%A8/ueditor.html?action=config&&noCache=1475918889747
INFO: [ app_init ] --START--
INFO: Run Behavior\BuildLiteBehavior [ RunTime:0.000000s ]
INFO: [ app_init ] --END-- [ RunTime:0.000000s ]
ERR: 无法加载控制器:模块

[ 2016-10-08T17:28:15+08:00 ] ::1 /lebang9-30/admin.php/Xinxianshi/list.html
INFO: [ app_init ] --START--
INFO: Run Behavior\BuildLiteBehavior [ RunTime:0.000000s ]
INFO: [ app_init ] --END-- [ RunTime:0.000000s ]

[ 2016-10-08T17:28:15+08:00 ] ::1 /lebang9-30/admin.php/%E6%A8%A1%E5%9D%97/%E6%8E%A7%E5%88%B6%E5%99%A8/ueditor.html?action=config&&noCache=1475918895834
INFO: [ app_init ] --START--
INFO: Run Behavior\BuildLiteBehavior [ RunTime:0.001000s ]
INFO: [ app_init ] --END-- [ RunTime:0.001000s ]
ERR: 无法加载控制器:模块

[ 2016-10-08T17:28:23+08:00 ] ::1 /lebang9-30/admin.php/Xinxianshi/list3.html
INFO: [ app_init ] --START--
INFO: Run Behavior\BuildLiteBehavior [ RunTime:0.000000s ]
INFO: [ app_init ] --END-- [ RunTime:0.000000s ]

[ 2016-10-08T17:28:24+08:00 ] ::1 /lebang9-30/admin.php/%E6%A8%A1%E5%9D%97/%E6%8E%A7%E5%88%B6%E5%99%A8/ueditor.html?action=config&&noCache=1475918904073
INFO: [ app_init ] --START--
INFO: Run Behavior\BuildLiteBehavior [ RunTime:0.000000s ]
INFO: [ app_init ] --END-- [ RunTime:0.001000s ]
ERR: 无法加载控制器:模块

[ 2016-10-08T17:28:25+08:00 ] ::1 /lebang9-30/admin.php/Xinxianshi/list4.html
INFO: [ app_init ] --START--
INFO: Run Behavior\BuildLiteBehavior [ RunTime:0.000000s ]
INFO: [ app_init ] --END-- [ RunTime:0.000000s ]

[ 2016-10-08T17:28:25+08:00 ] ::1 /lebang9-30/admin.php/%E6%A8%A1%E5%9D%97/%E6%8E%A7%E5%88%B6%E5%99%A8/ueditor.html?action=config&&noCache=1475918905860
INFO: [ app_init ] --START--
INFO: Run Behavior\BuildLiteBehavior [ RunTime:0.000000s ]
INFO: [ app_init ] --END-- [ RunTime:0.001000s ]
ERR: 无法加载控制器:模块

[ 2016-10-08T17:28:27+08:00 ] ::1 /lebang9-30/admin.php/Xinxianshi/list.html
INFO: [ app_init ] --START--
INFO: Run Behavior\BuildLiteBehavior [ RunTime:0.000000s ]
INFO: [ app_init ] --END-- [ RunTime:0.000000s ]

[ 2016-10-08T17:28:27+08:00 ] ::1 /lebang9-30/admin.php/%E6%A8%A1%E5%9D%97/%E6%8E%A7%E5%88%B6%E5%99%A8/ueditor.html?action=config&&noCache=1475918907734
INFO: [ app_init ] --START--
INFO: Run Behavior\BuildLiteBehavior [ RunTime:0.000000s ]
INFO: [ app_init ] --END-- [ RunTime:0.001000s ]
ERR: 无法加载控制器:模块

[ 2016-10-08T17:34:46+08:00 ] ::1 /lebang9-30/admin.php/Xinxianshi/list.html
INFO: [ app_init ] --START--
INFO: Run Behavior\BuildLiteBehavior [ RunTime:0.000000s ]
INFO: [ app_init ] --END-- [ RunTime:0.001000s ]

[ 2016-10-08T17:34:46+08:00 ] ::1 /lebang9-30/admin.php/%E6%A8%A1%E5%9D%97/%E6%8E%A7%E5%88%B6%E5%99%A8/ueditor.html?action=config&&noCache=1475919286879
INFO: [ app_init ] --START--
INFO: Run Behavior\BuildLiteBehavior [ RunTime:0.000000s ]
INFO: [ app_init ] --END-- [ RunTime:0.001000s ]
ERR: 无法加载控制器:模块

[ 2016-10-08T17:34:47+08:00 ] ::1 /lebang9-30/admin.php/Xinxianshi/list3.html
INFO: [ app_init ] --START--
INFO: Run Behavior\BuildLiteBehavior [ RunTime:0.000000s ]
INFO: [ app_init ] --END-- [ RunTime:0.001000s ]

[ 2016-10-08T17:34:48+08:00 ] ::1 /lebang9-30/admin.php/%E6%A8%A1%E5%9D%97/%E6%8E%A7%E5%88%B6%E5%99%A8/ueditor.html?action=config&&noCache=1475919288487
INFO: [ app_init ] --START--
INFO: Run Behavior\BuildLiteBehavior [ RunTime:0.000000s ]
INFO: [ app_init ] --END-- [ RunTime:0.000000s ]
ERR: 无法加载控制器:模块

[ 2016-10-08T17:34:50+08:00 ] ::1 /lebang9-30/admin.php/Xinxianshi/list4.html
INFO: [ app_init ] --START--
INFO: Run Behavior\BuildLiteBehavior [ RunTime:0.000000s ]
INFO: [ app_init ] --END-- [ RunTime:0.001000s ]

[ 2016-10-08T17:34:50+08:00 ] ::1 /lebang9-30/admin.php/%E6%A8%A1%E5%9D%97/%E6%8E%A7%E5%88%B6%E5%99%A8/ueditor.html?action=config&&noCache=1475919290689
INFO: [ app_init ] --START--
INFO: Run Behavior\BuildLiteBehavior [ RunTime:0.000000s ]
INFO: [ app_init ] --END-- [ RunTime:0.001001s ]
ERR: 无法加载控制器:模块

[ 2016-10-08T17:35:06+08:00 ] ::1 /lebang9-30/admin.php/Xinxianshi/list.html
INFO: [ app_init ] --START--
INFO: Run Behavior\BuildLiteBehavior [ RunTime:0.000000s ]
INFO: [ app_init ] --END-- [ RunTime:0.000000s ]

[ 2016-10-08T17:35:07+08:00 ] ::1 /lebang9-30/admin.php/%E6%A8%A1%E5%9D%97/%E6%8E%A7%E5%88%B6%E5%99%A8/ueditor.html?action=config&&noCache=1475919307429
INFO: [ app_init ] --START--
INFO: Run Behavior\BuildLiteBehavior [ RunTime:0.000000s ]
INFO: [ app_init ] --END-- [ RunTime:0.000000s ]
ERR: 无法加载控制器:模块

[ 2016-10-08T17:35:09+08:00 ] ::1 /lebang9-30/admin.php/Xinxianshi/list3.html
INFO: [ app_init ] --START--
INFO: Run Behavior\BuildLiteBehavior [ RunTime:0.000000s ]
INFO: [ app_init ] --END-- [ RunTime:0.001000s ]

[ 2016-10-08T17:35:10+08:00 ] ::1 /lebang9-30/admin.php/%E6%A8%A1%E5%9D%97/%E6%8E%A7%E5%88%B6%E5%99%A8/ueditor.html?action=config&&noCache=1475919310302
INFO: [ app_init ] --START--
INFO: Run Behavior\BuildLiteBehavior [ RunTime:0.000000s ]
INFO: [ app_init ] --END-- [ RunTime:0.001001s ]
ERR: 无法加载控制器:模块

[ 2016-10-08T17:35:11+08:00 ] ::1 /lebang9-30/admin.php/Xinxianshi/list.html
INFO: [ app_init ] --START--
INFO: Run Behavior\BuildLiteBehavior [ RunTime:0.000000s ]
INFO: [ app_init ] --END-- [ RunTime:0.001000s ]

[ 2016-10-08T17:35:12+08:00 ] ::1 /lebang9-30/admin.php/%E6%A8%A1%E5%9D%97/%E6%8E%A7%E5%88%B6%E5%99%A8/ueditor.html?action=config&&noCache=1475919312428
INFO: [ app_init ] --START--
INFO: Run Behavior\BuildLiteBehavior [ RunTime:0.000000s ]
INFO: [ app_init ] --END-- [ RunTime:0.001000s ]
ERR: 无法加载控制器:模块

[ 2016-10-08T17:35:43+08:00 ] ::1 /lebang9-30/admin.php/Xinxianshi/bianji1/xinxianshi_id/2.html
INFO: [ app_init ] --START--
INFO: Run Behavior\BuildLiteBehavior [ RunTime:0.000000s ]
INFO: [ app_init ] --END-- [ RunTime:0.000000s ]

[ 2016-10-08T17:35:44+08:00 ] ::1 /lebang9-30/admin.php/%E6%A8%A1%E5%9D%97/%E6%8E%A7%E5%88%B6%E5%99%A8/ueditor.html?action=config&&noCache=1475919344294
INFO: [ app_init ] --START--
INFO: Run Behavior\BuildLiteBehavior [ RunTime:0.000000s ]
INFO: [ app_init ] --END-- [ RunTime:0.001000s ]
ERR: 无法加载控制器:模块

[ 2016-10-08T17:35:47+08:00 ] ::1 /lebang9-30/admin.php/%E6%A8%A1%E5%9D%97/%E6%8E%A7%E5%88%B6%E5%99%A8/ueditor.html?action=config&&noCache=1475919347049
INFO: [ app_init ] --START--
INFO: Run Behavior\BuildLiteBehavior [ RunTime:0.001000s ]
INFO: [ app_init ] --END-- [ RunTime:0.001000s ]
ERR: 无法加载控制器:模块

[ 2016-10-08T17:35:48+08:00 ] ::1 /lebang9-30/admin.php/Xinxianshi/bianji1/xinxianshi_id/5.html
INFO: [ app_init ] --START--
INFO: Run Behavior\BuildLiteBehavior [ RunTime:0.001000s ]
INFO: [ app_init ] --END-- [ RunTime:0.001000s ]

[ 2016-10-08T17:35:49+08:00 ] ::1 /lebang9-30/admin.php/%E6%A8%A1%E5%9D%97/%E6%8E%A7%E5%88%B6%E5%99%A8/ueditor.html?action=config&&noCache=1475919349210
INFO: [ app_init ] --START--
INFO: Run Behavior\BuildLiteBehavior [ RunTime:0.000000s ]
INFO: [ app_init ] --END-- [ RunTime:0.000000s ]
ERR: 无法加载控制器:模块

[ 2016-10-08T17:35:51+08:00 ] ::1 /lebang9-30/admin.php/%E6%A8%A1%E5%9D%97/%E6%8E%A7%E5%88%B6%E5%99%A8/ueditor.html?action=config&&noCache=1475919351340
INFO: [ app_init ] --START--
INFO: Run Behavior\BuildLiteBehavior [ RunTime:0.000000s ]
INFO: [ app_init ] --END-- [ RunTime:0.001000s ]
ERR: 无法加载控制器:模块

[ 2016-10-08T17:35:52+08:00 ] ::1 /lebang9-30/admin.php/Xinxianshi/bianji1/xinxianshi_id/1.html
INFO: [ app_init ] --START--
INFO: Run Behavior\BuildLiteBehavior [ RunTime:0.000000s ]
INFO: [ app_init ] --END-- [ RunTime:0.000000s ]

[ 2016-10-08T17:35:53+08:00 ] ::1 /lebang9-30/admin.php/%E6%A8%A1%E5%9D%97/%E6%8E%A7%E5%88%B6%E5%99%A8/ueditor.html?action=config&&noCache=1475919353077
INFO: [ app_init ] --START--
INFO: Run Behavior\BuildLiteBehavior [ RunTime:0.000000s ]
INFO: [ app_init ] --END-- [ RunTime:0.001000s ]
ERR: 无法加载控制器:模块

[ 2016-10-08T17:35:55+08:00 ] ::1 /lebang9-30/admin.php/%E6%A8%A1%E5%9D%97/%E6%8E%A7%E5%88%B6%E5%99%A8/ueditor.html?action=config&&noCache=1475919355296
INFO: [ app_init ] --START--
INFO: Run Behavior\BuildLiteBehavior [ RunTime:0.001000s ]
INFO: [ app_init ] --END-- [ RunTime:0.001000s ]
ERR: 无法加载控制器:模块

[ 2016-10-08T17:35:57+08:00 ] ::1 /lebang9-30/admin.php/Xinxianshi/list3.html
INFO: [ app_init ] --START--
INFO: Run Behavior\BuildLiteBehavior [ RunTime:0.000000s ]
INFO: [ app_init ] --END-- [ RunTime:0.015600s ]

[ 2016-10-08T17:35:57+08:00 ] ::1 /lebang9-30/admin.php/%E6%A8%A1%E5%9D%97/%E6%8E%A7%E5%88%B6%E5%99%A8/ueditor.html?action=config&&noCache=1475919357669
INFO: [ app_init ] --START--
INFO: Run Behavior\BuildLiteBehavior [ RunTime:0.001000s ]
INFO: [ app_init ] --END-- [ RunTime:0.001000s ]
ERR: 无法加载控制器:模块

[ 2016-10-08T17:35:59+08:00 ] ::1 /lebang9-30/admin.php/Xinxianshi/list.html
INFO: [ app_init ] --START--
INFO: Run Behavior\BuildLiteBehavior [ RunTime:0.000000s ]
INFO: [ app_init ] --END-- [ RunTime:0.000000s ]

[ 2016-10-08T17:36:00+08:00 ] ::1 /lebang9-30/admin.php/%E6%A8%A1%E5%9D%97/%E6%8E%A7%E5%88%B6%E5%99%A8/ueditor.html?action=config&&noCache=1475919360395
INFO: [ app_init ] --START--
INFO: Run Behavior\BuildLiteBehavior [ RunTime:0.000000s ]
INFO: [ app_init ] --END-- [ RunTime:0.001000s ]
ERR: 无法加载控制器:模块

[ 2016-10-08T17:36:01+08:00 ] ::1 /lebang9-30/admin.php/Xinxianshi/bianji1/xinxianshi_id/5.html
INFO: [ app_init ] --START--
INFO: Run Behavior\BuildLiteBehavior [ RunTime:0.000000s ]
INFO: [ app_init ] --END-- [ RunTime:0.001000s ]

[ 2016-10-08T17:36:02+08:00 ] ::1 /lebang9-30/admin.php/%E6%A8%A1%E5%9D%97/%E6%8E%A7%E5%88%B6%E5%99%A8/ueditor.html?action=config&&noCache=1475919362413
INFO: [ app_init ] --START--
INFO: Run Behavior\BuildLiteBehavior [ RunTime:0.001000s ]
INFO: [ app_init ] --END-- [ RunTime:0.001000s ]
ERR: 无法加载控制器:模块

[ 2016-10-08T17:36:06+08:00 ] ::1 /lebang9-30/admin.php/%E6%A8%A1%E5%9D%97/%E6%8E%A7%E5%88%B6%E5%99%A8/ueditor.html?action=config&&noCache=1475919366548
INFO: [ app_init ] --START--
INFO: Run Behavior\BuildLiteBehavior [ RunTime:0.000000s ]
INFO: [ app_init ] --END-- [ RunTime:0.001000s ]
ERR: 无法加载控制器:模块

[ 2016-10-08T17:36:51+08:00 ] ::1 /lebang9-30/admin.php/Xinxianshi/bianji1/xinxianshi_id/5.html
INFO: [ app_init ] --START--
INFO: Run Behavior\BuildLiteBehavior [ RunTime:0.000000s ]
INFO: [ app_init ] --END-- [ RunTime:0.001000s ]

[ 2016-10-08T17:36:52+08:00 ] ::1 /lebang9-30/admin.php/%E6%A8%A1%E5%9D%97/%E6%8E%A7%E5%88%B6%E5%99%A8/ueditor.html?action=config&&noCache=1475919412415
INFO: [ app_init ] --START--
INFO: Run Behavior\BuildLiteBehavior [ RunTime:0.000000s ]
INFO: [ app_init ] --END-- [ RunTime:0.001000s ]
ERR: 无法加载控制器:模块

[ 2016-10-08T17:37:25+08:00 ] ::1 /lebang9-30/admin.php/Order/liushi.html
INFO: [ app_init ] --START--
INFO: Run Behavior\BuildLiteBehavior [ RunTime:0.000000s ]
INFO: [ app_init ] --END-- [ RunTime:0.001000s ]

[ 2016-10-08T17:37:25+08:00 ] ::1 /lebang9-30/admin.php/%E6%A8%A1%E5%9D%97/%E6%8E%A7%E5%88%B6%E5%99%A8/ueditor.html?action=config&&noCache=1475919445901
INFO: [ app_init ] --START--
INFO: Run Behavior\BuildLiteBehavior [ RunTime:0.000000s ]
INFO: [ app_init ] --END-- [ RunTime:0.001000s ]
ERR: 无法加载控制器:模块

[ 2016-10-08T18:25:38+08:00 ] ::1 /lebang9-30/admin.php/Xinxianshi/list6.html
INFO: [ app_init ] --START--
INFO: Run Behavior\BuildLiteBehavior [ RunTime:0.000000s ]
INFO: [ app_init ] --END-- [ RunTime:0.000000s ]

[ 2016-10-08T18:25:39+08:00 ] ::1 /lebang9-30/admin.php/%E6%A8%A1%E5%9D%97/%E6%8E%A7%E5%88%B6%E5%99%A8/ueditor.html?action=config&&noCache=1475922339678
INFO: [ app_init ] --START--
INFO: Run Behavior\BuildLiteBehavior [ RunTime:0.000000s ]
INFO: [ app_init ] --END-- [ RunTime:0.001000s ]
ERR: 无法加载控制器:模块

[ 2016-10-08T19:10:39+08:00 ] ::1 /lebang9-30/admin.php/Shequ/list.html
INFO: [ app_init ] --START--
INFO: Run Behavior\BuildLiteBehavior [ RunTime:0.000000s ]
INFO: [ app_init ] --END-- [ RunTime:0.000000s ]

[ 2016-10-08T19:10:40+08:00 ] ::1 /lebang9-30/admin.php/%E6%A8%A1%E5%9D%97/%E6%8E%A7%E5%88%B6%E5%99%A8/ueditor.html?action=config&&noCache=1475925040453
INFO: [ app_init ] --START--
INFO: Run Behavior\BuildLiteBehavior [ RunTime:0.000000s ]
INFO: [ app_init ] --END-- [ RunTime:0.001000s ]
ERR: 无法加载控制器:模块

[ 2016-10-08T20:46:09+08:00 ] ::1 /lebang9-30/admin.php/Shequ/list.html
INFO: [ app_init ] --START--
INFO: Run Behavior\BuildLiteBehavior [ RunTime:0.000000s ]
INFO: [ app_init ] --END-- [ RunTime:0.001000s ]

[ 2016-10-08T20:46:10+08:00 ] ::1 /lebang9-30/admin.php/%E6%A8%A1%E5%9D%97/%E6%8E%A7%E5%88%B6%E5%99%A8/ueditor.html?action=config&&noCache=1475930770568
INFO: [ app_init ] --START--
INFO: Run Behavior\BuildLiteBehavior [ RunTime:0.000000s ]
INFO: [ app_init ] --END-- [ RunTime:0.001000s ]
ERR: 无法加载控制器:模块

[ 2016-10-08T20:46:44+08:00 ] ::1 /lebang9-30/admin.php/Shequ/list.html
INFO: [ app_init ] --START--
INFO: Run Behavior\BuildLiteBehavior [ RunTime:0.000000s ]
INFO: [ app_init ] --END-- [ RunTime:0.000000s ]

[ 2016-10-08T20:46:45+08:00 ] ::1 /lebang9-30/admin.php/%E6%A8%A1%E5%9D%97/%E6%8E%A7%E5%88%B6%E5%99%A8/ueditor.html?action=config&&noCache=1475930805432
INFO: [ app_init ] --START--
INFO: Run Behavior\BuildLiteBehavior [ RunTime:0.000000s ]
INFO: [ app_init ] --END-- [ RunTime:0.001000s ]
ERR: 无法加载控制器:模块

