[ 2017-02-20T17:37:17+08:00 ] ::1 /lebang18/admin.php
INFO: [ app_init ] --START--
INFO: Run Behavior\BuildLiteBehavior [ RunTime:0.000000s ]
INFO: [ app_init ] --END-- [ RunTime:0.000000s ]

[ 2017-02-20T17:37:20+08:00 ] ::1 /lebang18/admin.php/Login/login.html
INFO: [ app_init ] --START--
INFO: Run Behavior\BuildLiteBehavior [ RunTime:0.000000s ]
INFO: [ app_init ] --END-- [ RunTime:0.001000s ]

[ 2017-02-20T17:37:31+08:00 ] ::1 /lebang18/admin.php/Login/login.html
INFO: [ app_init ] --START--
INFO: Run Behavior\BuildLiteBehavior [ RunTime:0.000000s ]
INFO: [ app_init ] --END-- [ RunTime:0.000000s ]

[ 2017-02-20T17:37:31+08:00 ] ::1 /lebang18/admin.php/
INFO: [ app_init ] --START--
INFO: Run Behavior\BuildLiteBehavior [ RunTime:0.000000s ]
INFO: [ app_init ] --END-- [ RunTime:0.000000s ]

[ 2017-02-20T17:37:32+08:00 ] ::1 /lebang18/admin.php/%E6%A8%A1%E5%9D%97/%E6%8E%A7%E5%88%B6%E5%99%A8/ueditor.html?action=config&&noCache=1487583452813
INFO: [ app_init ] --START--
INFO: Run Behavior\BuildLiteBehavior [ RunTime:0.000000s ]
INFO: [ app_init ] --END-- [ RunTime:0.000000s ]
ERR: 无法加载控制器:模块

[ 2017-02-20T17:37:34+08:00 ] ::1 /lebang18/admin.php/Order/list.html
INFO: [ app_init ] --START--
INFO: Run Behavior\BuildLiteBehavior [ RunTime:0.000000s ]
INFO: [ app_init ] --END-- [ RunTime:0.000000s ]

[ 2017-02-20T17:37:35+08:00 ] ::1 /lebang18/admin.php/%E6%A8%A1%E5%9D%97/%E6%8E%A7%E5%88%B6%E5%99%A8/ueditor.html?action=config&&noCache=1487583455245
INFO: [ app_init ] --START--
INFO: Run Behavior\BuildLiteBehavior [ RunTime:0.000000s ]
INFO: [ app_init ] --END-- [ RunTime:0.000000s ]
ERR: 无法加载控制器:模块

[ 2017-02-20T17:37:39+08:00 ] ::1 /lebang18/admin.php/Shequ/list.html
INFO: [ app_init ] --START--
INFO: Run Behavior\BuildLiteBehavior [ RunTime:0.000000s ]
INFO: [ app_init ] --END-- [ RunTime:0.000000s ]

[ 2017-02-20T17:37:39+08:00 ] ::1 /lebang18/admin.php/%E6%A8%A1%E5%9D%97/%E6%8E%A7%E5%88%B6%E5%99%A8/ueditor.html?action=config&&noCache=1487583459530
INFO: [ app_init ] --START--
INFO: Run Behavior\BuildLiteBehavior [ RunTime:0.000000s ]
INFO: [ app_init ] --END-- [ RunTime:0.000000s ]
ERR: 无法加载控制器:模块

[ 2017-02-20T17:37:44+08:00 ] ::1 /lebang18/admin.php/msg/list.html
INFO: [ app_init ] --START--
INFO: Run Behavior\BuildLiteBehavior [ RunTime:0.000000s ]
INFO: [ app_init ] --END-- [ RunTime:0.000000s ]

[ 2017-02-20T17:37:44+08:00 ] ::1 /lebang18/admin.php/%E6%A8%A1%E5%9D%97/%E6%8E%A7%E5%88%B6%E5%99%A8/ueditor.html?action=config&&noCache=1487583464553
INFO: [ app_init ] --START--
INFO: Run Behavior\BuildLiteBehavior [ RunTime:0.000000s ]
INFO: [ app_init ] --END-- [ RunTime:0.001000s ]
ERR: 无法加载控制器:模块

[ 2017-02-20T17:37:47+08:00 ] ::1 /lebang18/admin.php/Msg/add.html
INFO: [ app_init ] --START--
INFO: Run Behavior\BuildLiteBehavior [ RunTime:0.000000s ]
INFO: [ app_init ] --END-- [ RunTime:0.000000s ]

[ 2017-02-20T17:37:48+08:00 ] ::1 /lebang18/admin.php/%E6%A8%A1%E5%9D%97/%E6%8E%A7%E5%88%B6%E5%99%A8/ueditor.html?action=config&&noCache=1487583468200
INFO: [ app_init ] --START--
INFO: Run Behavior\BuildLiteBehavior [ RunTime:0.000000s ]
INFO: [ app_init ] --END-- [ RunTime:0.000000s ]
ERR: 无法加载控制器:模块

[ 2017-02-20T17:38:53+08:00 ] ::1 /lebang18/admin.php/Msg/add.html
INFO: [ app_init ] --START--
INFO: Run Behavior\BuildLiteBehavior [ RunTime:0.000000s ]
INFO: [ app_init ] --END-- [ RunTime:0.000000s ]

[ 2017-02-20T17:38:56+08:00 ] ::1 /lebang18/admin.php/Msg/add.html
INFO: [ app_init ] --START--
INFO: Run Behavior\BuildLiteBehavior [ RunTime:0.000000s ]
INFO: [ app_init ] --END-- [ RunTime:0.000000s ]

[ 2017-02-20T17:38:56+08:00 ] ::1 /lebang18/admin.php/%E6%A8%A1%E5%9D%97/%E6%8E%A7%E5%88%B6%E5%99%A8/ueditor.html?action=config&&noCache=1487583536890
INFO: [ app_init ] --START--
INFO: Run Behavior\BuildLiteBehavior [ RunTime:0.000000s ]
INFO: [ app_init ] --END-- [ RunTime:0.001000s ]
ERR: 无法加载控制器:模块

